[     212ms] [WARNING] A preload for 'https://fonts.googleapis.com/css2?family=Roboto:wght@300;400;500;700&display=swap' is found, but is not used because the request credentials mode does not match. Consider taking a look at crossorigin attribute. @ https://www.mudah.my/malaysia/all?q=centrestage+master+room:9
[     213ms] [WARNING] A preload for 'https://fonts.googleapis.com/css2?family=Open+Sans:wght@300;400;500;600;700&display=swap' is found, but is not used because the request credentials mode does not match. Consider taking a look at crossorigin attribute. @ https://www.mudah.my/malaysia/all?q=centrestage+master+room:9
[     213ms] [WARNING] A preload for 'https://fonts.googleapis.com/css2?family=Montserrat:wght@300;400;500;600;700&display=swap' is found, but is not used because the request credentials mode does not match. Consider taking a look at crossorigin attribute. @ https://www.mudah.my/malaysia/all?q=centrestage+master+room:9
[     213ms] [WARNING] A preload for 'https://fonts.googleapis.com/css2?family=Google+Sans:wght@400;500;700&display=swap' is found, but is not used because the request credentials mode does not match. Consider taking a look at crossorigin attribute. @ https://www.mudah.my/malaysia/all?q=centrestage+master+room:9
[     213ms] [WARNING] A preload for 'https://fonts.googleapis.com/css2?family=Open+Sans:wght@300;400;600;700&display=swap' is found, but is not used because the request credentials mode does not match. Consider taking a look at crossorigin attribute. @ https://www.mudah.my/malaysia/all?q=centrestage+master+room:38
[     680ms] [WARNING] The following functions are deprecated: googletag.pubads().setTagForChildDirectedTreatment(), googletag.pubads().clearTagForChildDirectedTreatment(), googletag.pubads().setRequestNonPersonalizedAds(), and googletag.pubads().setTagForUnderAgeOfConsent(). Please use googletag.pubads().setPrivacySettings() instead. @ https://mcdn.mudah.my/static-assets/md-marketplace-web/28151590548/_next/static/chunks/pages/_app-bdb14ffc59b4c9b65d76.js:0
[     680ms] [WARNING] [GPT] PubAdsService.enableSingleRequest is deprecated, use googletag.setConfig({singleRequest: ...}) instead.
https://goo.gle/gpt-message#170 @ https://mcdn.mudah.my/static-assets/md-marketplace-web/28151590548/_next/static/chunks/pages/_app-bdb14ffc59b4c9b65d76.js:0
[     685ms] [WARNING] [GPT] Slot.setTargeting is deprecated, use Slot.setConfig({targeting: ...}) instead.
https://goo.gle/gpt-message#171 @ https://mcdn.mudah.my/static-assets/md-marketplace-web/28151590548/_next/static/chunks/pages/_app-bdb14ffc59b4c9b65d76.js:0
[     743ms] [WARNING] [Meta Pixel] - Removed parameters from custom data due to potential violations. Go to Events Manager to learn more. @ https://mcdn.mudah.my/static-assets/md-marketplace-web/28151590548/_next/static/chunks/pages/_app-bdb14ffc59b4c9b65d76.js:0
[     747ms] [WARNING] [Meta Pixel] - Duplicate Pixel ID: 632307416906311. @ https://mcdn.mudah.my/static-assets/md-marketplace-web/28151590548/_next/static/chunks/pages/_app-bdb14ffc59b4c9b65d76.js:0
[    2611ms] [ERROR] Attestation check for Shared Storage on https://www.googleadservices.com failed. @ https://www.googleadservices.com/pagead/managed/js/activeview/current/reach_worklet.html:0
[    2611ms] [ERROR] Attestation check for Shared Storage on https://www.googleadservices.com failed. @ https://www.googleadservices.com/pagead/managed/js/activeview/current/reach_worklet.html:0
[    2655ms] [ERROR] Attestation check for Shared Storage on https://www.googleadservices.com failed. @ https://www.googleadservices.com/pagead/managed/js/activeview/current/reach_worklet.html:0
[    3397ms] [WARNING] The resource https://fonts.googleapis.com/css2?family=Google+Sans:wght@400;500;700&display=swap was preloaded using link preload but not used within a few seconds from the window's load event. Please make sure it has an appropriate `as` value and it is preloaded intentionally. @ https://www.mudah.my/malaysia/all?q=centrestage+master+room:0
[    3397ms] [WARNING] The resource https://fonts.googleapis.com/css2?family=Open+Sans:wght@300;400;500;600;700&display=swap was preloaded using link preload but not used within a few seconds from the window's load event. Please make sure it has an appropriate `as` value and it is preloaded intentionally. @ https://www.mudah.my/malaysia/all?q=centrestage+master+room:0
[    3397ms] [WARNING] The resource https://fonts.googleapis.com/css2?family=Montserrat:wght@300;400;500;600;700&display=swap was preloaded using link preload but not used within a few seconds from the window's load event. Please make sure it has an appropriate `as` value and it is preloaded intentionally. @ https://www.mudah.my/malaysia/all?q=centrestage+master+room:0
[    3397ms] [WARNING] The resource https://fonts.googleapis.com/css2?family=Open+Sans:wght@300;400;600;700&display=swap was preloaded using link preload but not used within a few seconds from the window's load event. Please make sure it has an appropriate `as` value and it is preloaded intentionally. @ https://www.mudah.my/malaysia/all?q=centrestage+master+room:0
[    3397ms] [WARNING] The resource https://fonts.googleapis.com/css2?family=Roboto:wght@300;400;500;700&display=swap was preloaded using link preload but not used within a few seconds from the window's load event. Please make sure it has an appropriate `as` value and it is preloaded intentionally. @ https://www.mudah.my/malaysia/all?q=centrestage+master+room:0
[   10750ms] [WARNING] The resource https://fonts.googleapis.com/css2?family=Google+Sans:wght@400;500;700&display=swap was preloaded using link preload but not used within a few seconds from the window's load event. Please make sure it has an appropriate `as` value and it is preloaded intentionally. @ https://www.mudah.my/malaysia/all?q=centrestage+master+room:0
[   10750ms] [WARNING] The resource https://fonts.googleapis.com/css2?family=Open+Sans:wght@300;400;500;600;700&display=swap was preloaded using link preload but not used within a few seconds from the window's load event. Please make sure it has an appropriate `as` value and it is preloaded intentionally. @ https://www.mudah.my/malaysia/all?q=centrestage+master+room:0
[   10750ms] [WARNING] The resource https://fonts.googleapis.com/css2?family=Montserrat:wght@300;400;500;600;700&display=swap was preloaded using link preload but not used within a few seconds from the window's load event. Please make sure it has an appropriate `as` value and it is preloaded intentionally. @ https://www.mudah.my/malaysia/all?q=centrestage+master+room:0
[   10750ms] [WARNING] The resource https://fonts.googleapis.com/css2?family=Open+Sans:wght@300;400;600;700&display=swap was preloaded using link preload but not used within a few seconds from the window's load event. Please make sure it has an appropriate `as` value and it is preloaded intentionally. @ https://www.mudah.my/malaysia/all?q=centrestage+master+room:0
[   10750ms] [WARNING] The resource https://fonts.googleapis.com/css2?family=Roboto:wght@300;400;500;700&display=swap was preloaded using link preload but not used within a few seconds from the window's load event. Please make sure it has an appropriate `as` value and it is preloaded intentionally. @ https://www.mudah.my/malaysia/all?q=centrestage+master+room:0
