[    1552ms] [WARNING] The following functions are deprecated: googletag.pubads().setTagForChildDirectedTreatment(), googletag.pubads().clearTagForChildDirectedTreatment(), googletag.pubads().setRequestNonPersonalizedAds(), and googletag.pubads().setTagForUnderAgeOfConsent(). Please use googletag.pubads().setPrivacySettings() instead. @ https://mcdn.mudah.my/static-assets/md-property-web/28070523878/_next/static/chunks/pages/_app-74535a9ad4a0f10f.js:11
[    1552ms] [WARNING] googletag.pubads().setCookieOptions() has been removed, and no longer has any effect. Consider migrating to Limited Ads. @ https://mcdn.mudah.my/static-assets/md-property-web/28070523878/_next/static/chunks/pages/_app-74535a9ad4a0f10f.js:11
[    1552ms] [WARNING] [GPT] PubAdsService.enableSingleRequest is deprecated, use googletag.setConfig({singleRequest: ...}) instead.
https://goo.gle/gpt-message#170 @ https://mcdn.mudah.my/static-assets/md-property-web/28070523878/_next/static/chunks/pages/_app-74535a9ad4a0f10f.js:11
[    1563ms] [WARNING] [GPT] Slot.setTargeting is deprecated, use Slot.setConfig({targeting: ...}) instead.
https://goo.gle/gpt-message#171 @ https://mcdn.mudah.my/static-assets/md-property-web/28070523878/_next/static/chunks/pages/_app-74535a9ad4a0f10f.js:11
[    1654ms] [WARNING] [Meta Pixel] - Removed parameters from custom data due to potential violations. Go to Events Manager to learn more. @ https://mcdn.mudah.my/static-assets/md-property-web/28070523878/_next/static/chunks/pages/_app-74535a9ad4a0f10f.js:11
[    1697ms] [ERROR] Sending form data to 'https://www.facebook.com/tr/' violates the following Content Security Policy directive: "form-action 'self'". The request has been blocked.
 @ https://www.mudah.my/io9a/:828
[    1879ms] [WARNING] [GPT] Using deprecated googletag.encryptedSignalProviders. Please use googletag.secureSignalProviders instead.
https://goo.gle/gpt-message#155 @ https://mcdn.mudah.my/static-assets/md-property-web/28070523878/_next/static/chunks/pages/_app-74535a9ad4a0f10f.js:11
[    2437ms] [ERROR] Access to fetch at 'https://api.rlcdn.com/api/identity/envelope?pid=1258' from origin 'https://www.mudah.my' has been blocked by CORS policy: No 'Access-Control-Allow-Origin' header is present on the requested resource. @ https://www.mudah.my/selangor-petaling-jaya/apartment-condominium-for-rent/centrestage-designer-suite:0
[    2437ms] [ERROR] Failed to load resource: net::ERR_FAILED @ https://api.rlcdn.com/api/identity/envelope?pid=1258:0
[    3616ms] [ERROR] Attestation check for Shared Storage on https://www.googleadservices.com failed. @ https://www.googleadservices.com/pagead/managed/js/activeview/current/reach_worklet.html:0
[    3619ms] [ERROR] Attestation check for Shared Storage on https://www.googleadservices.com failed. @ https://www.googleadservices.com/pagead/managed/js/activeview/current/reach_worklet.html:0
[    3648ms] [ERROR] Attestation check for Shared Storage on https://www.googleadservices.com failed. @ https://www.googleadservices.com/pagead/managed/js/activeview/current/reach_worklet.html:0
[    4424ms] [WARNING] [Meta Pixel] - Duplicate Pixel ID: 632307416906311. @ https://mcdn.mudah.my/static-assets/md-property-web/28070523878/_next/static/chunks/pages/_app-74535a9ad4a0f10f.js:11
[    4425ms] [WARNING] [Meta Pixel] - You are sending a non-standard event 'ViewCategory'. The preferred way to send these events is using trackCustom. See 'https://developers.facebook.com/docs/ads-for-websites/pixel-events/#events' for more information. @ https://mcdn.mudah.my/static-assets/md-property-web/28070523878/_next/static/chunks/pages/_app-74535a9ad4a0f10f.js:11
[    4465ms] [ERROR] Sending form data to 'https://www.facebook.com/tr/' violates the following Content Security Policy directive: "form-action 'self'". The request has been blocked.
 @ https://www.mudah.my/io9a/:828
[    4731ms] [WARNING] [TikTok Pixel] - Duplicate Pixel ID
Issue: The pixel ID is duplicate. This could impact the pixel data accuracy.
Suggestion: Please double check and delete any unnecessary pixel code. @ https://mcdn.mudah.my/static-assets/md-property-web/28070523878/_next/static/chunks/pages/_app-74535a9ad4a0f10f.js:11
