[     275ms] [INFO] [2026-06-26T05:33:26.718Z]  Performance: Tries left: 2. @ https://mcdn.mudah.my/static-assets/md-marketplace-web/28151590548/_next/static/chunks/pages/_app-bdb14ffc59b4c9b65d76.js:0
[     287ms] [WARNING] A preload for 'https://fonts.googleapis.com/css2?family=Roboto:wght@300;400;500;700&display=swap' is found, but is not used because the request credentials mode does not match. Consider taking a look at crossorigin attribute. @ https://www.mudah.my/terengganu/all:9
[     287ms] [WARNING] A preload for 'https://fonts.googleapis.com/css2?family=Open+Sans:wght@300;400;500;600;700&display=swap' is found, but is not used because the request credentials mode does not match. Consider taking a look at crossorigin attribute. @ https://www.mudah.my/terengganu/all:9
[     287ms] [WARNING] A preload for 'https://fonts.googleapis.com/css2?family=Montserrat:wght@300;400;500;600;700&display=swap' is found, but is not used because the request credentials mode does not match. Consider taking a look at crossorigin attribute. @ https://www.mudah.my/terengganu/all:9
[     287ms] [WARNING] A preload for 'https://fonts.googleapis.com/css2?family=Google+Sans:wght@400;500;700&display=swap' is found, but is not used because the request credentials mode does not match. Consider taking a look at crossorigin attribute. @ https://www.mudah.my/terengganu/all:9
[     288ms] [WARNING] A preload for 'https://fonts.googleapis.com/css2?family=Open+Sans:wght@300;400;600;700&display=swap' is found, but is not used because the request credentials mode does not match. Consider taking a look at crossorigin attribute. @ https://www.mudah.my/terengganu/all:38
[     689ms] [WARNING] The following functions are deprecated: googletag.pubads().setTagForChildDirectedTreatment(), googletag.pubads().clearTagForChildDirectedTreatment(), googletag.pubads().setRequestNonPersonalizedAds(), and googletag.pubads().setTagForUnderAgeOfConsent(). Please use googletag.pubads().setPrivacySettings() instead. @ https://mcdn.mudah.my/static-assets/md-marketplace-web/28151590548/_next/static/chunks/pages/_app-bdb14ffc59b4c9b65d76.js:0
[     689ms] [WARNING] [GPT] PubAdsService.enableSingleRequest is deprecated, use googletag.setConfig({singleRequest: ...}) instead.
https://goo.gle/gpt-message#170 @ https://mcdn.mudah.my/static-assets/md-marketplace-web/28151590548/_next/static/chunks/pages/_app-bdb14ffc59b4c9b65d76.js:0
[     691ms] [WARNING] [GPT] Slot.setTargeting is deprecated, use Slot.setConfig({targeting: ...}) instead.
https://goo.gle/gpt-message#171 @ https://mcdn.mudah.my/static-assets/md-marketplace-web/28151590548/_next/static/chunks/pages/_app-bdb14ffc59b4c9b65d76.js:0
[     772ms] [WARNING] [Meta Pixel] - Removed parameters from custom data due to potential violations. Go to Events Manager to learn more. @ https://mcdn.mudah.my/static-assets/md-marketplace-web/28151590548/_next/static/chunks/pages/_app-bdb14ffc59b4c9b65d76.js:0
[     776ms] [WARNING] [Meta Pixel] - Duplicate Pixel ID: 632307416906311. @ https://mcdn.mudah.my/static-assets/md-marketplace-web/28151590548/_next/static/chunks/pages/_app-bdb14ffc59b4c9b65d76.js:0
[     776ms] [WARNING] [Meta Pixel] - You are sending a non-standard event 'ViewCategory'. The preferred way to send these events is using trackCustom. See 'https://developers.facebook.com/docs/ads-for-websites/pixel-events/#events' for more information. @ https://mcdn.mudah.my/static-assets/md-marketplace-web/28151590548/_next/static/chunks/pages/_app-bdb14ffc59b4c9b65d76.js:0
[    1845ms] [ERROR] Failed to load resource: net::ERR_CONNECTION_REFUSED @ https://cs.nex8.net/cs/openx:0
[    1846ms] [ERROR] Failed to load resource: net::ERR_NAME_NOT_RESOLVED @ https://dps.jp.cinarra.com/pxd?PLATFORM_ID=1&USER_ID=239d52ce-6eb7-88b7-c104-cf75d305b466:0
[    2235ms] [INFO] Powered by AMP ⚡ HTML – Version 2605071401000 https://www.mudah.my/terengganu/all @ https://cdn.ampproject.org/rtv/012605071401000/amp4ads-v0.mjs:1
[    2326ms] [ERROR] Attestation check for Shared Storage on https://www.googleadservices.com failed. @ https://www.googleadservices.com/pagead/managed/js/activeview/current/reach_worklet.html:0
[    2327ms] [ERROR] Attestation check for Shared Storage on https://www.googleadservices.com failed. @ https://www.googleadservices.com/pagead/managed/js/activeview/current/reach_worklet.html:0
[    2328ms] [ERROR] Attestation check for Shared Storage on https://www.googleadservices.com failed. @ https://www.googleadservices.com/pagead/managed/js/activeview/current/reach_worklet.html:0
[    2679ms] [ERROR] Failed to load resource: the server responded with a status of 400 () @ https://s.ad.smaato.net/c/?dspInit=1002196&dspCookie=5645233471568788746&gdpr=0&gdpr_consent=:0
