[     867ms] [WARNING] A preload for 'https://fonts.googleapis.com/css2?family=Roboto:wght@300;400;500;700&display=swap' is found, but is not used because the request credentials mode does not match. Consider taking a look at crossorigin attribute. @ https://www.mudah.my/malaysia/for-rent?q=real+estate%2Cplentong:9
[     867ms] [WARNING] A preload for 'https://fonts.googleapis.com/css2?family=Open+Sans:wght@300;400;500;600;700&display=swap' is found, but is not used because the request credentials mode does not match. Consider taking a look at crossorigin attribute. @ https://www.mudah.my/malaysia/for-rent?q=real+estate%2Cplentong:9
[     867ms] [WARNING] A preload for 'https://fonts.googleapis.com/css2?family=Montserrat:wght@300;400;500;600;700&display=swap' is found, but is not used because the request credentials mode does not match. Consider taking a look at crossorigin attribute. @ https://www.mudah.my/malaysia/for-rent?q=real+estate%2Cplentong:9
[     867ms] [WARNING] A preload for 'https://fonts.googleapis.com/css2?family=Google+Sans:wght@400;500;700&display=swap' is found, but is not used because the request credentials mode does not match. Consider taking a look at crossorigin attribute. @ https://www.mudah.my/malaysia/for-rent?q=real+estate%2Cplentong:9
[     867ms] [WARNING] A preload for 'https://fonts.googleapis.com/css2?family=Open+Sans:wght@300;400;600;700&display=swap' is found, but is not used because the request credentials mode does not match. Consider taking a look at crossorigin attribute. @ https://www.mudah.my/malaysia/for-rent?q=real+estate%2Cplentong:38
[    2103ms] [WARNING] [Meta Pixel] - Removed parameters from custom data due to potential violations. Go to Events Manager to learn more. @ https://mcdn.mudah.my/static-assets/md-marketplace-web/28151590548/_next/static/chunks/pages/_app-bdb14ffc59b4c9b65d76.js:0
[    2104ms] [WARNING] [Meta Pixel] - Invalid parameter format for currency. Please refer https://developers.facebook.com/docs/meta-pixel/reference/ for valid parameter specifications. @ https://mcdn.mudah.my/static-assets/md-marketplace-web/28151590548/_next/static/chunks/pages/_app-bdb14ffc59b4c9b65d76.js:0
[    2624ms] [WARNING] [Meta Pixel] - Duplicate Pixel ID: 632307416906311. @ https://mcdn.mudah.my/static-assets/md-marketplace-web/28151590548/_next/static/chunks/pages/_app-bdb14ffc59b4c9b65d76.js:0
[    2706ms] [WARNING] The following functions are deprecated: googletag.pubads().setTagForChildDirectedTreatment(), googletag.pubads().clearTagForChildDirectedTreatment(), googletag.pubads().setRequestNonPersonalizedAds(), and googletag.pubads().setTagForUnderAgeOfConsent(). Please use googletag.pubads().setPrivacySettings() instead. @ https://mcdn.mudah.my/static-assets/md-marketplace-web/28151590548/_next/static/chunks/pages/_app-bdb14ffc59b4c9b65d76.js:0
[    2706ms] [WARNING] [GPT] PubAdsService.enableSingleRequest is deprecated, use googletag.setConfig({singleRequest: ...}) instead.
https://goo.gle/gpt-message#170 @ https://mcdn.mudah.my/static-assets/md-marketplace-web/28151590548/_next/static/chunks/pages/_app-bdb14ffc59b4c9b65d76.js:0
[    2711ms] [WARNING] [GPT] Slot.setTargeting is deprecated, use Slot.setConfig({targeting: ...}) instead.
https://goo.gle/gpt-message#171 @ https://mcdn.mudah.my/static-assets/md-marketplace-web/28151590548/_next/static/chunks/pages/_app-bdb14ffc59b4c9b65d76.js:0
[    2859ms] [ERROR] Access to fetch at 'https://id5-sync.com/api/config/prebid' from origin 'https://www.mudah.my' has been blocked by CORS policy: No 'Access-Control-Allow-Origin' header is present on the requested resource. @ https://www.mudah.my/malaysia/for-rent?q=real+estate%2Cplentong:0
[    2859ms] [ERROR] Failed to load resource: net::ERR_FAILED @ https://id5-sync.com/api/config/prebid:0
[    2911ms] [ERROR] Failed to load resource: net::ERR_NAME_NOT_RESOLVED @ https://ad.360yield.com/match?publisher_dsp_id=38&external_user_id=k-NbqPHcsF1KJXs9BhRziG2o-A7hCDFOvQzHkvrg:0
[    2982ms] [ERROR] Access to XMLHttpRequest at 'https://id5-sync.com/gm/v3' from origin 'https://www.mudah.my' has been blocked by CORS policy: No 'Access-Control-Allow-Origin' header is present on the requested resource. @ about:blank:0
[    2983ms] [ERROR] Failed to load resource: net::ERR_FAILED @ https://id5-sync.com/gm/v3:0
[    3241ms] [ERROR] Failed to load resource: net::ERR_NAME_NOT_RESOLVED @ https://api.w.inmobi.com/openrtb/bidder/prebidjs:0
[    5588ms] [ERROR] Failed to load resource: net::ERR_NAME_NOT_RESOLVED @ https://i.liadm.com/s/31327?bidder_id=14481&bidder_uuid=aj6fyIsFVW8AMO3kAAhFbwAA%264791&gpdr=&gdpr_consent=&us_privacy=&gpp=&gpp_sid=:0
[    5588ms] [ERROR] Failed to load resource: net::ERR_NAME_NOT_RESOLVED @ https://i.liadm.com/s/31327?bidder_id=14481&bidder_uuid=aj6fyIsFVW8AMO3kAAhFbwAA%264791&gpdr=&gdpr_consent=&us_privacy=&gpp=&gpp_sid=:0
[    5712ms] [ERROR] Failed to load resource: net::ERR_NAME_NOT_RESOLVED @ https://i.liadm.com/s/31327?bidder_id=14481&bidder_uuid=aj6fyIsFVW8AMO3kAAhFbwAA%264791&gpdr=&gdpr_consent=&us_privacy=&gpp=&gpp_sid=:0
[    6007ms] [LOG] Ignoring gdpr_consent param, it should be a non empty value @ https://acdn.adnxs.com/prebid/universal-creative/load-cookie.html?max_sync_count=30&gdpr=0&gdpr_consent=&account=&source=amp:9
[    6009ms] [ERROR] Failed to load resource: net::ERR_NAME_NOT_RESOLVED @ https://sync.search.spotxchange.com/partner?adv_id=7715&uid=8990119775095298141:0
[    6673ms] [ERROR] Attestation check for Shared Storage on https://www.googleadservices.com failed. @ https://www.googleadservices.com/pagead/managed/js/activeview/current/reach_worklet.html:0
[    6711ms] [ERROR] Failed to load resource: net::ERR_NAME_NOT_RESOLVED @ https://dsp.360yield.com/dsp_match/275?ssp=45&r=https%3A%2F%2Frtb-csync.smartadserver.com%2Fredir%2F%3Fissi%3D1%26partnerid%3D85%26partneruserid%3D$%7BDSP_USER_ID%7D&gdpr=0&gdpr_consent=:0
[    6802ms] [LOG] Invoking image pixel user sync for bidder: "magnite" @ https://acdn.adnxs.com/prebid/universal-creative/load-cookie.html?max_sync_count=30&gdpr=0&gdpr_consent=&account=&source=amp:9
[    6916ms] [TIMEEND] a: 0.0009765625 ms @ https://static.adsafeprotected.com/sca.17.6.4.js:31
[    7099ms] [LOG] Invoking image pixel user sync for bidder: "criteo" @ https://acdn.adnxs.com/prebid/universal-creative/load-cookie.html?max_sync_count=30&gdpr=0&gdpr_consent=&account=&source=amp:9
[    6673ms] [ERROR] Attestation check for Shared Storage on https://www.googleadservices.com failed. @ https://www.googleadservices.com/pagead/managed/js/activeview/current/reach_worklet.html:0
[    6673ms] [ERROR] Attestation check for Shared Storage on https://www.googleadservices.com failed. @ https://www.googleadservices.com/pagead/managed/js/activeview/current/reach_worklet.html:0
[    7569ms] [WARNING] The resource https://fonts.googleapis.com/css2?family=Google+Sans:wght@400;500;700&display=swap was preloaded using link preload but not used within a few seconds from the window's load event. Please make sure it has an appropriate `as` value and it is preloaded intentionally. @ https://www.mudah.my/malaysia/for-rent?q=real+estate%2Cplentong:0
[    7569ms] [WARNING] The resource https://fonts.googleapis.com/css2?family=Open+Sans:wght@300;400;500;600;700&display=swap was preloaded using link preload but not used within a few seconds from the window's load event. Please make sure it has an appropriate `as` value and it is preloaded intentionally. @ https://www.mudah.my/malaysia/for-rent?q=real+estate%2Cplentong:0
[    7569ms] [WARNING] The resource https://fonts.googleapis.com/css2?family=Montserrat:wght@300;400;500;600;700&display=swap was preloaded using link preload but not used within a few seconds from the window's load event. Please make sure it has an appropriate `as` value and it is preloaded intentionally. @ https://www.mudah.my/malaysia/for-rent?q=real+estate%2Cplentong:0
[    7569ms] [WARNING] The resource https://fonts.googleapis.com/css2?family=Open+Sans:wght@300;400;600;700&display=swap was preloaded using link preload but not used within a few seconds from the window's load event. Please make sure it has an appropriate `as` value and it is preloaded intentionally. @ https://www.mudah.my/malaysia/for-rent?q=real+estate%2Cplentong:0
[    7569ms] [WARNING] The resource https://fonts.googleapis.com/css2?family=Roboto:wght@300;400;500;700&display=swap was preloaded using link preload but not used within a few seconds from the window's load event. Please make sure it has an appropriate `as` value and it is preloaded intentionally. @ https://www.mudah.my/malaysia/for-rent?q=real+estate%2Cplentong:0
[    7576ms] [ERROR] Attestation check for Shared Storage on https://www.googleadservices.com failed. @ https://www.googleadservices.com/pagead/managed/js/activeview/current/reach_worklet.html:0
[    7577ms] [ERROR] Attestation check for Shared Storage on https://www.googleadservices.com failed. @ https://www.googleadservices.com/pagead/managed/js/activeview/current/reach_worklet.html:0
[    5588ms] [ERROR] Failed to load resource: net::ERR_NAME_NOT_RESOLVED @ https://i.liadm.com/s/31327?bidder_id=14481&bidder_uuid=aj6fyIsFVW8AMO3kAAhFbwAA%264791&gpdr=&gdpr_consent=&us_privacy=&gpp=&gpp_sid=:0
[    5712ms] [ERROR] Failed to load resource: net::ERR_NAME_NOT_RESOLVED @ https://i.liadm.com/s/31327?bidder_id=14481&bidder_uuid=aj6fyIsFVW8AMO3kAAhFbwAA%264791&gpdr=&gdpr_consent=&us_privacy=&gpp=&gpp_sid=:0
[    8286ms] [LOG] Invoking image pixel user sync for bidder: "pubrise" @ https://acdn.adnxs.com/prebid/universal-creative/load-cookie.html?max_sync_count=30&gdpr=0&gdpr_consent=&account=&source=amp:9
[    8574ms] [ERROR] Failed to load resource: net::ERR_NAME_NOT_RESOLVED @ https://sync.pubrise.ai/pbserver?gdpr=&gdpr_consent=&ccpa=&gpp=&gpp_sid=&redir=https%3A%2F%2Fib.adnxs.com%2Fprebid%2Fsetuid%3Fbidder%3Dpubrise%26gdpr%3D%26gdpr_consent%3D%26gpp%3D%26gpp_sid%3D%26f%3Di%26uid%3D%5BUID%5D:0
[    8574ms] [LOG] Invoking image pixel user sync for bidder: "mediasquare" @ https://acdn.adnxs.com/prebid/universal-creative/load-cookie.html?max_sync_count=30&gdpr=0&gdpr_consent=&account=&source=amp:9
[    9812ms] [LOG] Invoking image pixel user sync for bidder: "rubicon" @ https://acdn.adnxs.com/prebid/universal-creative/load-cookie.html?max_sync_count=30&gdpr=0&gdpr_consent=&account=&source=amp:9
[    9812ms] [LOG] Invoking image pixel user sync for bidder: "conversant" @ https://acdn.adnxs.com/prebid/universal-creative/load-cookie.html?max_sync_count=30&gdpr=0&gdpr_consent=&account=&source=amp:9
[   10289ms] [ERROR] Failed to load resource: net::ERR_NAME_NOT_RESOLVED @ https://ad.360yield.com/server_match?partner_id=1805&gdpr=0&gdpr_consent=&r=https%3A%2F%2Fmeasureadv.com%2FuserBack%3Fuid%3D%7BPUB_USER_ID%7D%26p%3D3:0
[   10354ms] [LOG] Invoking image pixel user sync for bidder: "nobid" @ https://acdn.adnxs.com/prebid/universal-creative/load-cookie.html?max_sync_count=30&gdpr=0&gdpr_consent=&account=&source=amp:9
[   17688ms] [LOG] Invoking image pixel user sync for bidder: "cwire" @ https://acdn.adnxs.com/prebid/universal-creative/load-cookie.html?max_sync_count=30&gdpr=0&gdpr_consent=&account=&source=amp:9
[   18535ms] [LOG] Invoking image pixel user sync for bidder: "adman" @ https://acdn.adnxs.com/prebid/universal-creative/load-cookie.html?max_sync_count=30&gdpr=0&gdpr_consent=&account=&source=amp:9
