[    1157ms] [WARNING] The following functions are deprecated: googletag.pubads().setTagForChildDirectedTreatment(), googletag.pubads().clearTagForChildDirectedTreatment(), googletag.pubads().setRequestNonPersonalizedAds(), and googletag.pubads().setTagForUnderAgeOfConsent(). Please use googletag.pubads().setPrivacySettings() instead. @ https://mcdn.mudah.my/static-assets/md-property-web/28070523878/_next/static/chunks/pages/_app-74535a9ad4a0f10f.js:11
[    1158ms] [WARNING] googletag.pubads().setCookieOptions() has been removed, and no longer has any effect. Consider migrating to Limited Ads. @ https://mcdn.mudah.my/static-assets/md-property-web/28070523878/_next/static/chunks/pages/_app-74535a9ad4a0f10f.js:11
[    1158ms] [WARNING] [GPT] PubAdsService.enableSingleRequest is deprecated, use googletag.setConfig({singleRequest: ...}) instead.
https://goo.gle/gpt-message#170 @ https://mcdn.mudah.my/static-assets/md-property-web/28070523878/_next/static/chunks/pages/_app-74535a9ad4a0f10f.js:11
[    1164ms] [WARNING] [GPT] Slot.setTargeting is deprecated, use Slot.setConfig({targeting: ...}) instead.
https://goo.gle/gpt-message#171 @ https://mcdn.mudah.my/static-assets/md-property-web/28070523878/_next/static/chunks/pages/_app-74535a9ad4a0f10f.js:11
[    1236ms] [WARNING] [Meta Pixel] - Removed parameters from custom data due to potential violations. Go to Events Manager to learn more. @ https://mcdn.mudah.my/static-assets/md-property-web/28070523878/_next/static/chunks/pages/_app-74535a9ad4a0f10f.js:11
[    1288ms] [ERROR] Sending form data to 'https://www.facebook.com/tr/' violates the following Content Security Policy directive: "form-action 'self'". The request has been blocked.
 @ https://www.mudah.my/io9a/:828
[    1443ms] [ERROR] Failed to load resource: net::ERR_NAME_NOT_RESOLVED @ https://ad.360yield.com/match?publisher_dsp_id=38&external_user_id=k-NbqPHcsF1KJXs9BhRziG2o-A7hCDFOvQzHkvrg:0
[    2131ms] [ERROR] Access to fetch at 'https://id5-sync.com/api/config/prebid' from origin 'https://www.mudah.my' has been blocked by CORS policy: No 'Access-Control-Allow-Origin' header is present on the requested resource. @ https://www.mudah.my/johor-plentong/properties-for-rent:0
[    2131ms] [ERROR] Failed to load resource: net::ERR_FAILED @ https://id5-sync.com/api/config/prebid:0
[    2135ms] [ERROR] Access to XMLHttpRequest at 'https://id5-sync.com/gm/v3' from origin 'https://www.mudah.my' has been blocked by CORS policy: No 'Access-Control-Allow-Origin' header is present on the requested resource. @ about:blank:0
[    2135ms] [ERROR] Failed to load resource: net::ERR_FAILED @ https://id5-sync.com/gm/v3:0
[    4225ms] [WARNING] [Meta Pixel] - Duplicate Pixel ID: 632307416906311. @ https://mcdn.mudah.my/static-assets/md-property-web/28070523878/_next/static/chunks/pages/_app-74535a9ad4a0f10f.js:11
[    4227ms] [WARNING] [Meta Pixel] - You are sending a non-standard event 'ViewCategory'. The preferred way to send these events is using trackCustom. See 'https://developers.facebook.com/docs/ads-for-websites/pixel-events/#events' for more information. @ https://mcdn.mudah.my/static-assets/md-property-web/28070523878/_next/static/chunks/pages/_app-74535a9ad4a0f10f.js:11
[    4272ms] [ERROR] Sending form data to 'https://www.facebook.com/tr/' violates the following Content Security Policy directive: "form-action 'self'". The request has been blocked.
 @ https://www.mudah.my/io9a/:828
[    4455ms] [ERROR] Failed to load resource: net::ERR_NAME_NOT_RESOLVED @ https://ad.360yield.com/match?publisher_dsp_id=38&external_user_id=k-NbqPHcsF1KJXs9BhRziG2o-A7hCDFOvQzHkvrg:0
[    4507ms] [ERROR] Failed to load resource: net::ERR_NAME_NOT_RESOLVED @ https://ad.360yield.com/match?publisher_dsp_id=38&external_user_id=k-NbqPHcsF1KJXs9BhRziG2o-A7hCDFOvQzHkvrg:0
[    4562ms] [ERROR] Failed to load resource: net::ERR_NAME_NOT_RESOLVED @ https://ad.360yield.com/match?publisher_dsp_id=38&external_user_id=k-NbqPHcsF1KJXs9BhRziG2o-A7hCDFOvQzHkvrg:0
[    4643ms] [WARNING] [TikTok Pixel] - Duplicate Pixel ID
Issue: The pixel ID is duplicate. This could impact the pixel data accuracy.
Suggestion: Please double check and delete any unnecessary pixel code. @ https://mcdn.mudah.my/static-assets/md-property-web/28070523878/_next/static/chunks/pages/_app-74535a9ad4a0f10f.js:11
[    4667ms] [ERROR] Failed to load resource: net::ERR_NAME_NOT_RESOLVED @ https://ad.360yield.com/match?publisher_dsp_id=38&external_user_id=k-NbqPHcsF1KJXs9BhRziG2o-A7hCDFOvQzHkvrg:0
