[    1359ms] [WARNING] The following functions are deprecated: googletag.pubads().setTagForChildDirectedTreatment(), googletag.pubads().clearTagForChildDirectedTreatment(), googletag.pubads().setRequestNonPersonalizedAds(), and googletag.pubads().setTagForUnderAgeOfConsent(). Please use googletag.pubads().setPrivacySettings() instead. @ https://mcdn.mudah.my/static-assets/md-property-web/28070523878/_next/static/chunks/pages/_app-74535a9ad4a0f10f.js:11
[    1359ms] [WARNING] googletag.pubads().setCookieOptions() has been removed, and no longer has any effect. Consider migrating to Limited Ads. @ https://mcdn.mudah.my/static-assets/md-property-web/28070523878/_next/static/chunks/pages/_app-74535a9ad4a0f10f.js:11
[    1359ms] [WARNING] [GPT] PubAdsService.enableSingleRequest is deprecated, use googletag.setConfig({singleRequest: ...}) instead.
https://goo.gle/gpt-message#170 @ https://mcdn.mudah.my/static-assets/md-property-web/28070523878/_next/static/chunks/pages/_app-74535a9ad4a0f10f.js:11
[    1365ms] [WARNING] [GPT] Slot.setTargeting is deprecated, use Slot.setConfig({targeting: ...}) instead.
https://goo.gle/gpt-message#171 @ https://mcdn.mudah.my/static-assets/md-property-web/28070523878/_next/static/chunks/pages/_app-74535a9ad4a0f10f.js:11
[    1421ms] [WARNING] [Meta Pixel] - Removed parameters from custom data due to potential violations. Go to Events Manager to learn more. @ https://mcdn.mudah.my/static-assets/md-property-web/28070523878/_next/static/chunks/pages/_app-74535a9ad4a0f10f.js:11
[    1491ms] [ERROR] Sending form data to 'https://www.facebook.com/tr/' violates the following Content Security Policy directive: "form-action 'self'". The request has been blocked.
 @ https://www.mudah.my/io9a/:828
[    1592ms] [ERROR] Failed to load resource: net::ERR_NAME_NOT_RESOLVED @ https://ad.360yield.com/match?publisher_dsp_id=38&external_user_id=k-NbqPHcsF1KJXs9BhRziG2o-A7hCDFOvQzHkvrg:0
[    1672ms] [ERROR] Access to fetch at 'https://id5-sync.com/api/config/prebid' from origin 'https://www.mudah.my' has been blocked by CORS policy: No 'Access-Control-Allow-Origin' header is present on the requested resource. @ https://www.mudah.my/malaysia/properties-for-rent#lm=1:0
[    1672ms] [ERROR] Failed to load resource: net::ERR_FAILED @ https://id5-sync.com/api/config/prebid:0
[    2230ms] [ERROR] Access to XMLHttpRequest at 'https://id5-sync.com/gm/v3' from origin 'https://www.mudah.my' has been blocked by CORS policy: No 'Access-Control-Allow-Origin' header is present on the requested resource. @ about:blank:0
[    2230ms] [ERROR] Failed to load resource: net::ERR_FAILED @ https://id5-sync.com/gm/v3:0
[    4521ms] [WARNING] [Meta Pixel] - Duplicate Pixel ID: 632307416906311. @ https://mcdn.mudah.my/static-assets/md-property-web/28070523878/_next/static/chunks/pages/_app-74535a9ad4a0f10f.js:11
[    4523ms] [WARNING] [Meta Pixel] - You are sending a non-standard event 'ViewCategory'. The preferred way to send these events is using trackCustom. See 'https://developers.facebook.com/docs/ads-for-websites/pixel-events/#events' for more information. @ https://mcdn.mudah.my/static-assets/md-property-web/28070523878/_next/static/chunks/pages/_app-74535a9ad4a0f10f.js:11
[    4557ms] [ERROR] Sending form data to 'https://www.facebook.com/tr/' violates the following Content Security Policy directive: "form-action 'self'". The request has been blocked.
 @ https://www.mudah.my/io9a/:828
[    4837ms] [ERROR] Failed to load resource: net::ERR_NAME_NOT_RESOLVED @ https://ad.360yield.com/match?publisher_dsp_id=38&external_user_id=k-NbqPHcsF1KJXs9BhRziG2o-A7hCDFOvQzHkvrg:0
[    4889ms] [WARNING] [TikTok Pixel] - Duplicate Pixel ID
Issue: The pixel ID is duplicate. This could impact the pixel data accuracy.
Suggestion: Please double check and delete any unnecessary pixel code. @ https://mcdn.mudah.my/static-assets/md-property-web/28070523878/_next/static/chunks/pages/_app-74535a9ad4a0f10f.js:11
[    4890ms] [ERROR] Failed to load resource: net::ERR_NAME_NOT_RESOLVED @ https://ad.360yield.com/match?publisher_dsp_id=38&external_user_id=k-NbqPHcsF1KJXs9BhRziG2o-A7hCDFOvQzHkvrg:0
[    4929ms] [ERROR] Failed to load resource: net::ERR_NAME_NOT_RESOLVED @ https://ad.360yield.com/match?publisher_dsp_id=38&external_user_id=k-NbqPHcsF1KJXs9BhRziG2o-A7hCDFOvQzHkvrg:0
[    5066ms] [ERROR] Failed to load resource: net::ERR_NAME_NOT_RESOLVED @ https://ad.360yield.com/match?publisher_dsp_id=38&external_user_id=k-NbqPHcsF1KJXs9BhRziG2o-A7hCDFOvQzHkvrg:0
[    5317ms] [ERROR] Attestation check for Shared Storage on https://www.googleadservices.com failed. @ https://www.googleadservices.com/pagead/managed/js/activeview/current/reach_worklet.html:0
[    5657ms] [TIMEEND] a: 0.001953125 ms @ https://static.adsafeprotected.com/sca.17.6.4.js:31
[    7808ms] Failed to read a named property 'addEventListener' from 'Window': Blocked a frame with origin "https://0c703714e809cd857b579e07d4365f1c.safeframe.googlesyndication.com" from accessing a cross-origin frame.
