[     509ms] [WARNING] A preload for 'https://fonts.googleapis.com/css2?family=Roboto:wght@300;400;500;700&display=swap' is found, but is not used because the request credentials mode does not match. Consider taking a look at crossorigin attribute. @ https://www.mudah.my/malaysia/for-rent?q=real+estate%2Csubang:9
[     509ms] [WARNING] A preload for 'https://fonts.googleapis.com/css2?family=Open+Sans:wght@300;400;500;600;700&display=swap' is found, but is not used because the request credentials mode does not match. Consider taking a look at crossorigin attribute. @ https://www.mudah.my/malaysia/for-rent?q=real+estate%2Csubang:9
[     509ms] [WARNING] A preload for 'https://fonts.googleapis.com/css2?family=Montserrat:wght@300;400;500;600;700&display=swap' is found, but is not used because the request credentials mode does not match. Consider taking a look at crossorigin attribute. @ https://www.mudah.my/malaysia/for-rent?q=real+estate%2Csubang:9
[     510ms] [WARNING] A preload for 'https://fonts.googleapis.com/css2?family=Google+Sans:wght@400;500;700&display=swap' is found, but is not used because the request credentials mode does not match. Consider taking a look at crossorigin attribute. @ https://www.mudah.my/malaysia/for-rent?q=real+estate%2Csubang:9
[     510ms] [WARNING] A preload for 'https://fonts.googleapis.com/css2?family=Open+Sans:wght@300;400;600;700&display=swap' is found, but is not used because the request credentials mode does not match. Consider taking a look at crossorigin attribute. @ https://www.mudah.my/malaysia/for-rent?q=real+estate%2Csubang:38
[    1026ms] [ERROR] Failed to load resource: net::ERR_CONNECTION_CLOSED @ https://gateway.mudah.my/magpie/public/v2/keywords/search?q=real%20estate%2Csubang&type=let:0
[    1149ms] [WARNING] The following functions are deprecated: googletag.pubads().setTagForChildDirectedTreatment(), googletag.pubads().clearTagForChildDirectedTreatment(), googletag.pubads().setRequestNonPersonalizedAds(), and googletag.pubads().setTagForUnderAgeOfConsent(). Please use googletag.pubads().setPrivacySettings() instead. @ https://mcdn.mudah.my/static-assets/md-marketplace-web/28151590548/_next/static/chunks/pages/_app-bdb14ffc59b4c9b65d76.js:0
[    1149ms] [WARNING] [GPT] PubAdsService.enableSingleRequest is deprecated, use googletag.setConfig({singleRequest: ...}) instead.
https://goo.gle/gpt-message#170 @ https://mcdn.mudah.my/static-assets/md-marketplace-web/28151590548/_next/static/chunks/pages/_app-bdb14ffc59b4c9b65d76.js:0
[    1153ms] [WARNING] [GPT] Slot.setTargeting is deprecated, use Slot.setConfig({targeting: ...}) instead.
https://goo.gle/gpt-message#171 @ https://mcdn.mudah.my/static-assets/md-marketplace-web/28151590548/_next/static/chunks/pages/_app-bdb14ffc59b4c9b65d76.js:0
[    1174ms] [WARNING] [Meta Pixel] - Removed parameters from custom data due to potential violations. Go to Events Manager to learn more. @ https://mcdn.mudah.my/static-assets/md-marketplace-web/28151590548/_next/static/chunks/pages/_app-bdb14ffc59b4c9b65d76.js:0
[    1175ms] [WARNING] [Meta Pixel] - Invalid parameter format for currency. Please refer https://developers.facebook.com/docs/meta-pixel/reference/ for valid parameter specifications. @ https://mcdn.mudah.my/static-assets/md-marketplace-web/28151590548/_next/static/chunks/pages/_app-bdb14ffc59b4c9b65d76.js:0
[    1178ms] [WARNING] [Meta Pixel] - Duplicate Pixel ID: 632307416906311. @ https://mcdn.mudah.my/static-assets/md-marketplace-web/28151590548/_next/static/chunks/pages/_app-bdb14ffc59b4c9b65d76.js:0
[    1256ms] [ERROR] Failed to load resource: net::ERR_CONNECTION_CLOSED @ https://www.google-analytics.com/j/collect?v=1&_v=j102&a=807289028&t=event&ni=1&_s=1&dl=https%3A%2F%2Fwww.mudah.my%2Fmalaysia%2Ffor-rent%3Fq%3Dreal%2Bestate%252Csubang&ul=en-us&dt=0%20Real%20Estate%2Csubang%20For%20Rent%20%7C%20Find%20Almost%20Anything%20for%20Rent%20in%20Malaysia%20%7C%20Mudah.my&sr=1440x932&vp=1200x716&ec=data_layer&ea=push&el=cd_identifier%20visitor&_u=QACAAEABAAAAACAEK~&jid=&gjid=&cid=2126517325.1782489032&tid=UA-137191028-1&_gid=516622204.1782524610&_slc=1&gtm=45He66o1n81TG22LVQv812838143za200zd812838143&cd5=0%20%7C%20entire_malaysia&cd6=none&cd9=all&cd10=for_rent&cd13=none&cd15=ad_list_no_ads&cd16=0%20%7C%20all_categories&cd17=none&cd18=1&cd20=0&cd21=grid_view&cd22=latest&cd23=real%20estate%2Csubang&cd24=yes&cd25=no&cd26=any-any&cd30=none&cd31=none&cd32=none&cd33=none&cd34=none&cd35=none-none&cd36=none&cd43=none-none&cd44=none-none&cd45=none&cd46=none&cd47=none&cd48=none&cd49=none&cd50=none&cd51=none&cd52=none&cd53=none-none&cd65=none&cd66=none&cd68=none&cd76=none&cd77=none&cd80=none&cd81=none&cd82=none&cd83=none&cd84=none&cd85=none&cd86=none&cd133=all&cd135=none&gcd=13l3l3l3l1l1&dma=0&tag_exp=0~115938465~115938468~119027224&cd1=2126517325.1782489032&z=1152342368:0
[    1704ms] [ERROR] Failed to load resource: net::ERR_NAME_NOT_RESOLVED @ https://ad.360yield.com/match?publisher_dsp_id=38&external_user_id=k-NbqPHcsF1KJXs9BhRziG2o-A7hCDFOvQzHkvrg:0
[    1729ms] [ERROR] Failed to load resource: net::ERR_NAME_NOT_RESOLVED @ https://api.w.inmobi.com/openrtb/bidder/prebidjs:0
[    1776ms] [ERROR] Access to fetch at 'https://id5-sync.com/api/config/prebid' from origin 'https://www.mudah.my' has been blocked by CORS policy: No 'Access-Control-Allow-Origin' header is present on the requested resource. @ https://www.mudah.my/malaysia/for-rent?q=real+estate%2Csubang:0
[    1776ms] [ERROR] Failed to load resource: net::ERR_FAILED @ https://id5-sync.com/api/config/prebid:0
[    1958ms] [ERROR] Access to XMLHttpRequest at 'https://id5-sync.com/gm/v3' from origin 'https://www.mudah.my' has been blocked by CORS policy: No 'Access-Control-Allow-Origin' header is present on the requested resource. @ about:blank:0
[    1959ms] [ERROR] Failed to load resource: net::ERR_FAILED @ https://id5-sync.com/gm/v3:0
[    3811ms] [ERROR] Failed to load resource: net::ERR_NAME_NOT_RESOLVED @ https://i.liadm.com/s/31327?bidder_id=14481&bidder_uuid=aj6fyIsFVW8AMO3kAAhFbwAA%264791&gpdr=&gdpr_consent=&us_privacy=&gpp=&gpp_sid=:0
[    4052ms] [INFO] Powered by AMP ⚡ HTML – Version 2605071401000 https://www.mudah.my/malaysia/for-rent?q=real+estate%2Csubang @ https://cdn.ampproject.org/rtv/012605071401000/amp4ads-v0.mjs:1
[    4367ms] [ERROR] Failed to load resource: net::ERR_NAME_NOT_RESOLVED @ https://cs.lkqd.net/cs?partnerId=59&redirect=https%3A%2F%2Fcm.g.doubleclick.net%2Fpixel%3Fgoogle_nid%3Dlkqd_dbm%26google_hm%3D%24%24rawlkqduserid%7Cbase64%24%24:0
[    4388ms] [ERROR] Attestation check for Shared Storage on https://www.googleadservices.com failed. @ https://www.googleadservices.com/pagead/managed/js/activeview/current/reach_worklet.html:0
[    4391ms] [ERROR] Attestation check for Shared Storage on https://www.googleadservices.com failed. @ https://www.googleadservices.com/pagead/managed/js/activeview/current/reach_worklet.html:0
[    4415ms] [ERROR] Failed to load resource: net::ERR_NAME_NOT_RESOLVED @ https://cs.lkqd.net/cs?partnerId=59&partnerUserId=CAESEJKofBaN0ZlB86j2rBKGCW8&google_cver=1:0
[    3811ms] [ERROR] Failed to load resource: net::ERR_NAME_NOT_RESOLVED @ https://i.liadm.com/s/31327?bidder_id=14481&bidder_uuid=aj6fyIsFVW8AMO3kAAhFbwAA%264791&gpdr=&gdpr_consent=&us_privacy=&gpp=&gpp_sid=:0
[    4509ms] [ERROR] Failed to load resource: net::ERR_CONNECTION_CLOSED @ https://tr.blismedia.com/v1/api/sync/inmobi?gdpr_consent=&gdpr=0:0
[    4519ms] [ERROR] Failed to load resource: net::ERR_NAME_NOT_RESOLVED @ https://i.liadm.com/s/31327?bidder_id=14481&bidder_uuid=aj6fyIsFVW8AMO3kAAhFbwAA%264791&gpdr=&gdpr_consent=&us_privacy=&gpp=&gpp_sid=:0
[    4814ms] [ERROR] Failed to load resource: net::ERR_NAME_NOT_RESOLVED @ https://i.liadm.com/s/35539?bidder_id=91218&bidder_uuid=8990119775095298141:0
[    4509ms] [ERROR] Failed to load resource: net::ERR_CONNECTION_CLOSED @ https://tr.blismedia.com/v1/api/sync/inmobi?gdpr_consent=&gdpr=0:0
[    5031ms] Failed to read a named property 'addEventListener' from 'Window': Blocked a frame with origin "https://3581b0144ebe1cca0032a3bf27038842.safeframe.googlesyndication.com" from accessing a cross-origin frame.
[    4509ms] [ERROR] Failed to load resource: net::ERR_CONNECTION_CLOSED @ https://tr.blismedia.com/v1/api/sync/inmobi?gdpr_consent=&gdpr=0:0
[    5612ms] [WARNING] The resource https://fonts.googleapis.com/css2?family=Google+Sans:wght@400;500;700&display=swap was preloaded using link preload but not used within a few seconds from the window's load event. Please make sure it has an appropriate `as` value and it is preloaded intentionally. @ https://www.mudah.my/malaysia/for-rent?q=real+estate%2Csubang:0
[    5612ms] [WARNING] The resource https://fonts.googleapis.com/css2?family=Open+Sans:wght@300;400;500;600;700&display=swap was preloaded using link preload but not used within a few seconds from the window's load event. Please make sure it has an appropriate `as` value and it is preloaded intentionally. @ https://www.mudah.my/malaysia/for-rent?q=real+estate%2Csubang:0
[    5612ms] [WARNING] The resource https://fonts.googleapis.com/css2?family=Montserrat:wght@300;400;500;600;700&display=swap was preloaded using link preload but not used within a few seconds from the window's load event. Please make sure it has an appropriate `as` value and it is preloaded intentionally. @ https://www.mudah.my/malaysia/for-rent?q=real+estate%2Csubang:0
[    5612ms] [WARNING] The resource https://fonts.googleapis.com/css2?family=Open+Sans:wght@300;400;600;700&display=swap was preloaded using link preload but not used within a few seconds from the window's load event. Please make sure it has an appropriate `as` value and it is preloaded intentionally. @ https://www.mudah.my/malaysia/for-rent?q=real+estate%2Csubang:0
[    5612ms] [WARNING] The resource https://fonts.googleapis.com/css2?family=Roboto:wght@300;400;500;700&display=swap was preloaded using link preload but not used within a few seconds from the window's load event. Please make sure it has an appropriate `as` value and it is preloaded intentionally. @ https://www.mudah.my/malaysia/for-rent?q=real+estate%2Csubang:0
