[     481ms] [WARNING] A preload for 'https://fonts.googleapis.com/css2?family=Roboto:wght@300;400;500;700&display=swap' is found, but is not used because the request credentials mode does not match. Consider taking a look at crossorigin attribute. @ https://www.mudah.my/:9
[     481ms] [WARNING] A preload for 'https://fonts.googleapis.com/css2?family=Open+Sans:wght@300;400;500;600;700&display=swap' is found, but is not used because the request credentials mode does not match. Consider taking a look at crossorigin attribute. @ https://www.mudah.my/:9
[     481ms] [WARNING] A preload for 'https://fonts.googleapis.com/css2?family=Montserrat:wght@300;400;500;600;700&display=swap' is found, but is not used because the request credentials mode does not match. Consider taking a look at crossorigin attribute. @ https://www.mudah.my/:9
[     481ms] [WARNING] A preload for 'https://fonts.googleapis.com/css2?family=Google+Sans:wght@400;500;700&display=swap' is found, but is not used because the request credentials mode does not match. Consider taking a look at crossorigin attribute. @ https://www.mudah.my/:9
[    1874ms] [WARNING] Error parsing persisted dots visibility: TypeError: C is not a function
    at https://mcdn.mudah.my/static-assets/md-marketplace-web/28151590548/_next/static/chunks/pages/index-39e234e3daa1e0bef5a1.js:1:100194
    at https://mcdn.mudah.my/static-assets/md-marketplace-web/28151590548/_next/static/chunks/pages/index-39e234e3daa1e0bef5a1.js:1:100540
    at Object.ea [as useState] (https://mcdn.mudah.my/static-assets/md-marketplace-web/28151590548/_next/static/chunks/framework.1ed0c63d3bae9b7c086e.js:1:60532)
    at BdB7.t.useState (https://mcdn.mudah.my/static-assets/md-marketplace-web/28151590548/_next/static/chunks/framework.1ed0c63d3bae9b7c086e.js:1:123435)
    at Mt (https://mcdn.mudah.my/static-assets/md-marketplace-web/28151590548/_next/static/chunks/pages/index-39e234e3daa1e0bef5a1.js:1:100521)
    at qi (https://mcdn.mudah.my/static-assets/md-marketplace-web/28151590548/_next/static/chunks/framework.1ed0c63d3bae9b7c086e.js:1:58335)
    at yo (https://mcdn.mudah.my/static-assets/md-marketplace-web/28151590548/_next/static/chunks/framework.1ed0c63d3bae9b7c086e.js:1:104741)
    at su (https://mcdn.mudah.my/static-assets/md-marketplace-web/28151590548/_next/static/chunks/framework.1ed0c63d3bae9b7c086e.js:1:97274)
    at uu (https://mcdn.mudah.my/static-assets/md-marketplace-web/28151590548/_next/static/chunks/framework.1ed0c63d3bae9b7c086e.js:1:97199)
    at eu (https://mcdn.mudah.my/static-assets/md-marketplace-web/28151590548/_next/static/chunks/framework.1ed0c63d3bae9b7c086e.js:1:94208)
    at Yo (https://mcdn.mudah.my/static-assets/md-marketplace-web/28151590548/_next/static/chunks/framework.1ed0c63d3bae9b7c086e.js:1:90969)
    at Lu (https://mcdn.mudah.my/static-assets/md-marketplace-web/28151590548/_next/static/chunks/framework.1ed0c63d3bae9b7c086e.js:1:112478)
    at https://mcdn.mudah.my/static-assets/md-marketplace-web/28151590548/_next/static/chunks/framework.1ed0c63d3bae9b7c086e.js:1:113723
    at nu (https://mcdn.mudah.my/static-assets/md-marketplace-web/28151590548/_next/static/chunks/framework.1ed0c63d3bae9b7c086e.js:1:94555)
    at Qu (https://mcdn.mudah.my/static-assets/md-marketplace-web/28151590548/_next/static/chunks/framework.1ed0c63d3bae9b7c086e.js:1:113708)
    at t.hydrate (https://mcdn.mudah.my/static-assets/md-marketplace-web/28151590548/_next/static/chunks/framework.1ed0c63d3bae9b7c086e.js:1:116621)
    at me (https://mcdn.mudah.my/static-assets/md-marketplace-web/28151590548/_next/static/chunks/main-69a40046c6a4c7c1eabe.js:1:22109)
    at https://mcdn.mudah.my/static-assets/md-marketplace-web/28151590548/_next/static/chunks/main-69a40046c6a4c7c1eabe.js:1:18435
    at Generator.<anonymous> (https://mcdn.mudah.my/static-assets/md-marketplace-web/28151590548/_next/static/chunks/main-69a40046c6a4c7c1eabe.js:1:13662)
    at Generator.next (https://mcdn.mudah.my/static-assets/md-marketplace-web/28151590548/_next/static/chunks/main-69a40046c6a4c7c1eabe.js:1:14500)
    at r (https://mcdn.mudah.my/static-assets/md-marketplace-web/28151590548/_next/static/chunks/commons.3ee584aed18c801941bd.js:1:63352)
    at s (https://mcdn.mudah.my/static-assets/md-marketplace-web/28151590548/_next/static/chunks/commons.3ee584aed18c801941bd.js:1:63563)
    at https://mcdn.mudah.my/static-assets/md-marketplace-web/28151590548/_next/static/chunks/commons.3ee584aed18c801941bd.js:1:63622
    at new Promise (<anonymous>)
    at https://mcdn.mudah.my/static-assets/md-marketplace-web/28151590548/_next/static/chunks/commons.3ee584aed18c801941bd.js:1:63503
    at ue (https://mcdn.mudah.my/static-assets/md-marketplace-web/28151590548/_next/static/chunks/main-69a40046c6a4c7c1eabe.js:1:18613)
    at ie (https://mcdn.mudah.my/static-assets/md-marketplace-web/28151590548/_next/static/chunks/main-69a40046c6a4c7c1eabe.js:1:18215)
    at https://mcdn.mudah.my/static-assets/md-marketplace-web/28151590548/_next/static/chunks/main-69a40046c6a4c7c1eabe.js:1:17973
    at Generator.<anonymous> (https://mcdn.mudah.my/static-assets/md-marketplace-web/28151590548/_next/static/chunks/main-69a40046c6a4c7c1eabe.js:1:13662)
    at Generator.next (https://mcdn.mudah.my/static-assets/md-marketplace-web/28151590548/_next/static/chunks/main-69a40046c6a4c7c1eabe.js:1:14500)
    at r (https://mcdn.mudah.my/static-assets/md-marketplace-web/28151590548/_next/static/chunks/commons.3ee584aed18c801941bd.js:1:63352)
    at s (https://mcdn.mudah.my/static-assets/md-marketplace-web/28151590548/_next/static/chunks/commons.3ee584aed18c801941bd.js:1:63563) @ https://mcdn.mudah.my/static-assets/md-marketplace-web/28151590548/_next/static/chunks/pages/_app-bdb14ffc59b4c9b65d76.js:0
[    2219ms] [WARNING] [GPT] PubAdsService.setTargeting is deprecated, use googletag.setConfig({targeting: ...}) instead.
https://goo.gle/gpt-message#170 @ https://mcdn.mudah.my/static-assets/md-marketplace-web/28151590548/_next/static/chunks/pages/_app-bdb14ffc59b4c9b65d76.js:0
[    2219ms] [WARNING] The following functions are deprecated: googletag.pubads().setTagForChildDirectedTreatment(), googletag.pubads().clearTagForChildDirectedTreatment(), googletag.pubads().setRequestNonPersonalizedAds(), and googletag.pubads().setTagForUnderAgeOfConsent(). Please use googletag.pubads().setPrivacySettings() instead. @ https://mcdn.mudah.my/static-assets/md-marketplace-web/28151590548/_next/static/chunks/pages/_app-bdb14ffc59b4c9b65d76.js:0
[    2220ms] [WARNING] [GPT] Slot.setTargeting is deprecated, use Slot.setConfig({targeting: ...}) instead.
https://goo.gle/gpt-message#171 @ https://mcdn.mudah.my/static-assets/md-marketplace-web/28151590548/_next/static/chunks/pages/_app-bdb14ffc59b4c9b65d76.js:0
[    2230ms] [ERROR] Not signed in with the identity provider. @ https://www.mudah.my/:0
[    2250ms] [WARNING] [Meta Pixel] - Removed parameters from custom data due to potential violations. Go to Events Manager to learn more. @ https://mcdn.mudah.my/static-assets/md-marketplace-web/28151590548/_next/static/chunks/pages/_app-bdb14ffc59b4c9b65d76.js:0
[    2250ms] [WARNING] [Meta Pixel] - Invalid parameter format for currency. Please refer https://developers.facebook.com/docs/meta-pixel/reference/ for valid parameter specifications. @ https://mcdn.mudah.my/static-assets/md-marketplace-web/28151590548/_next/static/chunks/pages/_app-bdb14ffc59b4c9b65d76.js:0
[    2254ms] [WARNING] [Meta Pixel] - Duplicate Pixel ID: 632307416906311. @ https://mcdn.mudah.my/static-assets/md-marketplace-web/28151590548/_next/static/chunks/pages/_app-bdb14ffc59b4c9b65d76.js:0
[    2838ms] [ERROR] Access to fetch at 'https://id5-sync.com/api/config/prebid' from origin 'https://www.mudah.my' has been blocked by CORS policy: No 'Access-Control-Allow-Origin' header is present on the requested resource. @ https://www.mudah.my/:0
[    2838ms] [ERROR] Failed to load resource: net::ERR_FAILED @ https://id5-sync.com/api/config/prebid:0
[    2908ms] [ERROR] Failed to load resource: net::ERR_NAME_NOT_RESOLVED @ https://ad.360yield.com/match?publisher_dsp_id=38&external_user_id=k-NbqPHcsF1KJXs9BhRziG2o-A7hCDFOvQzHkvrg:0
[    2944ms] [ERROR] Failed to load resource: net::ERR_NAME_NOT_RESOLVED @ https://ad.360yield.com/match?publisher_dsp_id=38&external_user_id=k-NbqPHcsF1KJXs9BhRziG2o-A7hCDFOvQzHkvrg:0
[    3009ms] [ERROR] Failed to load resource: net::ERR_NAME_NOT_RESOLVED @ https://ad.360yield.com/match?publisher_dsp_id=38&external_user_id=k-NbqPHcsF1KJXs9BhRziG2o-A7hCDFOvQzHkvrg:0
[    3073ms] [ERROR] Failed to load resource: net::ERR_NAME_NOT_RESOLVED @ https://ad.360yield.com/match?publisher_dsp_id=38&external_user_id=k-NbqPHcsF1KJXs9BhRziG2o-A7hCDFOvQzHkvrg:0
[    3140ms] [ERROR] Access to XMLHttpRequest at 'https://id5-sync.com/gm/v3' from origin 'https://www.mudah.my' has been blocked by CORS policy: No 'Access-Control-Allow-Origin' header is present on the requested resource. @ about:blank:0
[    3140ms] [ERROR] Failed to load resource: net::ERR_FAILED @ https://id5-sync.com/gm/v3:0
[    3338ms] [ERROR] [GSI_LOGGER]: FedCM get() rejects with NetworkError: Error retrieving a token. @ https://mcdn.mudah.my/static-assets/md-marketplace-web/28151590548/_next/static/chunks/pages/_app-bdb14ffc59b4c9b65d76.js:0
