[     598ms] [WARNING] A preload for 'https://fonts.googleapis.com/css2?family=Roboto:wght@300;400;500;700&display=swap' is found, but is not used because the request credentials mode does not match. Consider taking a look at crossorigin attribute. @ https://www.mudah.my/malaysia/for-rent?q=real+estate%2Cplentong:9
[     598ms] [WARNING] A preload for 'https://fonts.googleapis.com/css2?family=Open+Sans:wght@300;400;500;600;700&display=swap' is found, but is not used because the request credentials mode does not match. Consider taking a look at crossorigin attribute. @ https://www.mudah.my/malaysia/for-rent?q=real+estate%2Cplentong:9
[     599ms] [WARNING] A preload for 'https://fonts.googleapis.com/css2?family=Montserrat:wght@300;400;500;600;700&display=swap' is found, but is not used because the request credentials mode does not match. Consider taking a look at crossorigin attribute. @ https://www.mudah.my/malaysia/for-rent?q=real+estate%2Cplentong:9
[     599ms] [WARNING] A preload for 'https://fonts.googleapis.com/css2?family=Google+Sans:wght@400;500;700&display=swap' is found, but is not used because the request credentials mode does not match. Consider taking a look at crossorigin attribute. @ https://www.mudah.my/malaysia/for-rent?q=real+estate%2Cplentong:9
[     599ms] [WARNING] A preload for 'https://fonts.googleapis.com/css2?family=Open+Sans:wght@300;400;600;700&display=swap' is found, but is not used because the request credentials mode does not match. Consider taking a look at crossorigin attribute. @ https://www.mudah.my/malaysia/for-rent?q=real+estate%2Cplentong:38
[    1628ms] [WARNING] The following functions are deprecated: googletag.pubads().setTagForChildDirectedTreatment(), googletag.pubads().clearTagForChildDirectedTreatment(), googletag.pubads().setRequestNonPersonalizedAds(), and googletag.pubads().setTagForUnderAgeOfConsent(). Please use googletag.pubads().setPrivacySettings() instead. @ https://mcdn.mudah.my/static-assets/md-marketplace-web/28151590548/_next/static/chunks/pages/_app-bdb14ffc59b4c9b65d76.js:0
[    1628ms] [WARNING] [GPT] PubAdsService.enableSingleRequest is deprecated, use googletag.setConfig({singleRequest: ...}) instead.
https://goo.gle/gpt-message#170 @ https://mcdn.mudah.my/static-assets/md-marketplace-web/28151590548/_next/static/chunks/pages/_app-bdb14ffc59b4c9b65d76.js:0
[    1633ms] [WARNING] [GPT] Slot.setTargeting is deprecated, use Slot.setConfig({targeting: ...}) instead.
https://goo.gle/gpt-message#171 @ https://mcdn.mudah.my/static-assets/md-marketplace-web/28151590548/_next/static/chunks/pages/_app-bdb14ffc59b4c9b65d76.js:0
[    1705ms] [WARNING] [Meta Pixel] - Removed parameters from custom data due to potential violations. Go to Events Manager to learn more. @ https://mcdn.mudah.my/static-assets/md-marketplace-web/28151590548/_next/static/chunks/pages/_app-bdb14ffc59b4c9b65d76.js:0
[    1705ms] [WARNING] [Meta Pixel] - Invalid parameter format for currency. Please refer https://developers.facebook.com/docs/meta-pixel/reference/ for valid parameter specifications. @ https://mcdn.mudah.my/static-assets/md-marketplace-web/28151590548/_next/static/chunks/pages/_app-bdb14ffc59b4c9b65d76.js:0
[    1710ms] [WARNING] [Meta Pixel] - Duplicate Pixel ID: 632307416906311. @ https://mcdn.mudah.my/static-assets/md-marketplace-web/28151590548/_next/static/chunks/pages/_app-bdb14ffc59b4c9b65d76.js:0
[    2209ms] [ERROR] Failed to load resource: net::ERR_NAME_NOT_RESOLVED @ https://api.w.inmobi.com/openrtb/bidder/prebidjs:0
[    2219ms] [ERROR] Failed to load resource: net::ERR_NAME_NOT_RESOLVED @ https://ad.360yield.com/match?publisher_dsp_id=38&external_user_id=k-NbqPHcsF1KJXs9BhRziG2o-A7hCDFOvQzHkvrg:0
[    2285ms] [ERROR] Access to fetch at 'https://id5-sync.com/api/config/prebid' from origin 'https://www.mudah.my' has been blocked by CORS policy: No 'Access-Control-Allow-Origin' header is present on the requested resource. @ https://www.mudah.my/malaysia/for-rent?q=real+estate%2Cplentong:0
[    2286ms] [ERROR] Failed to load resource: net::ERR_FAILED @ https://id5-sync.com/api/config/prebid:0
[    2542ms] [ERROR] Access to XMLHttpRequest at 'https://id5-sync.com/gm/v3' from origin 'https://www.mudah.my' has been blocked by CORS policy: No 'Access-Control-Allow-Origin' header is present on the requested resource. @ about:blank:0
[    2543ms] [ERROR] Failed to load resource: net::ERR_FAILED @ https://id5-sync.com/gm/v3:0
[    4040ms] [ERROR] Failed to load resource: net::ERR_NAME_NOT_RESOLVED @ https://i.liadm.com/s/31327?bidder_id=14481&bidder_uuid=aj6fyIsFVW8AMO3kAAhFbwAA%264791&gpdr=&gdpr_consent=&us_privacy=&gpp=&gpp_sid=:0
[    4150ms] [ERROR] Failed to load resource: net::ERR_CONNECTION_REFUSED @ https://cs.nex8.net/cs/openx:0
[    4232ms] [ERROR] Failed to load resource: net::ERR_NAME_NOT_RESOLVED @ https://dps.jp.cinarra.com/pxd?PLATFORM_ID=1&USER_ID=d066ddde-3334-8c97-c322-7debcb6adc5b:0
[    4239ms] [ERROR] Failed to load resource: net::ERR_NAME_NOT_RESOLVED @ https://dsp.360yield.com/dsp_match/275?ssp=32&external_user_id=8990119775095298141&gdpr=0&gdpr_consent=&r=https%3A%2F%2Fib.adnxs.com%2Fsetuid%3Fentity%3D405%26code%3D%7BDSP_USER_ID%7D:0
[    4512ms] [ERROR] Failed to load resource: net::ERR_NAME_NOT_RESOLVED @ https://dsp.360yield.com/dsp_match/275?ssp=45&r=https%3A%2F%2Frtb-csync.smartadserver.com%2Fredir%2F%3Fissi%3D1%26partnerid%3D85%26partneruserid%3D$%7BDSP_USER_ID%7D&gdpr=0&gdpr_consent=:0
[    5140ms] [ERROR] Failed to load resource: the server responded with a status of 400 () @ https://s.ad.smaato.net/c/?dspInit=1002196&dspCookie=8990119775095298141&gdpr=0&gdpr_consent=:0
[    5179ms] [ERROR] Attestation check for Shared Storage on https://www.googleadservices.com failed. @ https://www.googleadservices.com/pagead/managed/js/activeview/current/reach_worklet.html:0
[    4040ms] [ERROR] Failed to load resource: net::ERR_NAME_NOT_RESOLVED @ https://i.liadm.com/s/31327?bidder_id=14481&bidder_uuid=aj6fyIsFVW8AMO3kAAhFbwAA%264791&gpdr=&gdpr_consent=&us_privacy=&gpp=&gpp_sid=:0
[    5331ms] [TIMEEND] a: 0.0009765625 ms @ https://static.adsafeprotected.com/sca.17.6.4.js:31
[    5569ms] [ERROR] Failed to load resource: net::ERR_NAME_NOT_RESOLVED @ https://i.liadm.com/s/31327?bidder_id=14481&bidder_uuid=aj6fyIsFVW8AMO3kAAhFbwAA%264791&gpdr=&gdpr_consent=&us_privacy=&gpp=&gpp_sid=:0
[    6132ms] [WARNING] The resource https://fonts.googleapis.com/css2?family=Google+Sans:wght@400;500;700&display=swap was preloaded using link preload but not used within a few seconds from the window's load event. Please make sure it has an appropriate `as` value and it is preloaded intentionally. @ https://www.mudah.my/malaysia/for-rent?q=real+estate%2Cplentong:0
[    6132ms] [WARNING] The resource https://fonts.googleapis.com/css2?family=Open+Sans:wght@300;400;500;600;700&display=swap was preloaded using link preload but not used within a few seconds from the window's load event. Please make sure it has an appropriate `as` value and it is preloaded intentionally. @ https://www.mudah.my/malaysia/for-rent?q=real+estate%2Cplentong:0
[    6132ms] [WARNING] The resource https://fonts.googleapis.com/css2?family=Montserrat:wght@300;400;500;600;700&display=swap was preloaded using link preload but not used within a few seconds from the window's load event. Please make sure it has an appropriate `as` value and it is preloaded intentionally. @ https://www.mudah.my/malaysia/for-rent?q=real+estate%2Cplentong:0
[    6132ms] [WARNING] The resource https://fonts.googleapis.com/css2?family=Open+Sans:wght@300;400;600;700&display=swap was preloaded using link preload but not used within a few seconds from the window's load event. Please make sure it has an appropriate `as` value and it is preloaded intentionally. @ https://www.mudah.my/malaysia/for-rent?q=real+estate%2Cplentong:0
[    6132ms] [WARNING] The resource https://fonts.googleapis.com/css2?family=Roboto:wght@300;400;500;700&display=swap was preloaded using link preload but not used within a few seconds from the window's load event. Please make sure it has an appropriate `as` value and it is preloaded intentionally. @ https://www.mudah.my/malaysia/for-rent?q=real+estate%2Cplentong:0
[    5179ms] [ERROR] Attestation check for Shared Storage on https://www.googleadservices.com failed. @ https://www.googleadservices.com/pagead/managed/js/activeview/current/reach_worklet.html:0
[    6176ms] [ERROR] Attestation check for Shared Storage on https://www.googleadservices.com failed. @ https://www.googleadservices.com/pagead/managed/js/activeview/current/reach_worklet.html:0
[    4040ms] [ERROR] Failed to load resource: net::ERR_NAME_NOT_RESOLVED @ https://i.liadm.com/s/31327?bidder_id=14481&bidder_uuid=aj6fyIsFVW8AMO3kAAhFbwAA%264791&gpdr=&gdpr_consent=&us_privacy=&gpp=&gpp_sid=:0
[    5569ms] [ERROR] Failed to load resource: net::ERR_NAME_NOT_RESOLVED @ https://i.liadm.com/s/31327?bidder_id=14481&bidder_uuid=aj6fyIsFVW8AMO3kAAhFbwAA%264791&gpdr=&gdpr_consent=&us_privacy=&gpp=&gpp_sid=:0
[    6399ms] [ERROR] Failed to load resource: net::ERR_NAME_NOT_RESOLVED @ https://i.liadm.com/s/31327?bidder_id=14481&bidder_uuid=aj6fyIsFVW8AMO3kAAhFbwAA%264791&gpdr=&gdpr_consent=&us_privacy=&gpp=&gpp_sid=:0
[    7013ms] [ERROR] Failed to load resource: the server responded with a status of 400 () @ https://eb2.3lift.com/getuid?redir=https%3A%2F%2Fsyncingbridge.com%2FuserBack%3Fuid%3D%24UID%26gdpr%3D%7BGDPR%7D%26gdpr_consent%3D%7BGDPR_CONSENT%7D%26p%3D2&gdpr=0&gdpr_consent=:0
[    7985ms] [ERROR] Failed to load resource: the server responded with a status of 404 (Not Found) @ https://us.shb-sync.com/bf2ecb77-8b3f-11ed-9a3c-0cc47a787f5e.gif?puid=[UID]&redir=https%3A%2F%2Fs.ad.smaato.net%2Fc%2F%3FdspId%3D1074%26dspCookie%3D%5BUID%5D%26gdpr%3D0%26gdpr_consent%3D&gdpr=0&gdpr_consent=:0
