[     865ms] [WARNING] A preload for 'https://fonts.googleapis.com/css2?family=Roboto:wght@300;400;500;700&display=swap' is found, but is not used because the request credentials mode does not match. Consider taking a look at crossorigin attribute. @ https://www.mudah.my/malaysia/for-rent?q=real+estate%2Ckulai:9
[     865ms] [WARNING] A preload for 'https://fonts.googleapis.com/css2?family=Open+Sans:wght@300;400;500;600;700&display=swap' is found, but is not used because the request credentials mode does not match. Consider taking a look at crossorigin attribute. @ https://www.mudah.my/malaysia/for-rent?q=real+estate%2Ckulai:9
[     865ms] [WARNING] A preload for 'https://fonts.googleapis.com/css2?family=Montserrat:wght@300;400;500;600;700&display=swap' is found, but is not used because the request credentials mode does not match. Consider taking a look at crossorigin attribute. @ https://www.mudah.my/malaysia/for-rent?q=real+estate%2Ckulai:9
[     865ms] [WARNING] A preload for 'https://fonts.googleapis.com/css2?family=Google+Sans:wght@400;500;700&display=swap' is found, but is not used because the request credentials mode does not match. Consider taking a look at crossorigin attribute. @ https://www.mudah.my/malaysia/for-rent?q=real+estate%2Ckulai:9
[     866ms] [WARNING] A preload for 'https://fonts.googleapis.com/css2?family=Open+Sans:wght@300;400;600;700&display=swap' is found, but is not used because the request credentials mode does not match. Consider taking a look at crossorigin attribute. @ https://www.mudah.my/malaysia/for-rent?q=real+estate%2Ckulai:38
[    2724ms] [WARNING] [Meta Pixel] - Removed parameters from custom data due to potential violations. Go to Events Manager to learn more. @ https://mcdn.mudah.my/static-assets/md-marketplace-web/28151590548/_next/static/chunks/pages/_app-bdb14ffc59b4c9b65d76.js:0
[    2725ms] [WARNING] [Meta Pixel] - Invalid parameter format for currency. Please refer https://developers.facebook.com/docs/meta-pixel/reference/ for valid parameter specifications. @ https://mcdn.mudah.my/static-assets/md-marketplace-web/28151590548/_next/static/chunks/pages/_app-bdb14ffc59b4c9b65d76.js:0
[    2729ms] [WARNING] [Meta Pixel] - Duplicate Pixel ID: 632307416906311. @ https://mcdn.mudah.my/static-assets/md-marketplace-web/28151590548/_next/static/chunks/pages/_app-bdb14ffc59b4c9b65d76.js:0
[    3230ms] [ERROR] Failed to load resource: net::ERR_NAME_NOT_RESOLVED @ https://ad.360yield.com/match?publisher_dsp_id=38&external_user_id=k-NbqPHcsF1KJXs9BhRziG2o-A7hCDFOvQzHkvrg:0
[    3336ms] [ERROR] Access to fetch at 'https://id5-sync.com/api/config/prebid' from origin 'https://www.mudah.my' has been blocked by CORS policy: No 'Access-Control-Allow-Origin' header is present on the requested resource. @ https://www.mudah.my/malaysia/for-rent?q=real+estate%2Ckulai:0
[    3337ms] [ERROR] Failed to load resource: net::ERR_FAILED @ https://id5-sync.com/api/config/prebid:0
[    3338ms] [ERROR] Access to XMLHttpRequest at 'https://id5-sync.com/gm/v3' from origin 'https://www.mudah.my' has been blocked by CORS policy: No 'Access-Control-Allow-Origin' header is present on the requested resource. @ about:blank:0
[    3338ms] [ERROR] Failed to load resource: net::ERR_FAILED @ https://id5-sync.com/gm/v3:0
[    3432ms] [WARNING] [GPT] PubAdsService.setTargeting is deprecated, use googletag.setConfig({targeting: ...}) instead.
https://goo.gle/gpt-message#170 @ https://mcdn.mudah.my/static-assets/md-marketplace-web/28151590548/_next/static/chunks/pages/_app-bdb14ffc59b4c9b65d76.js:0
[    3433ms] [WARNING] The following functions are deprecated: googletag.pubads().setTagForChildDirectedTreatment(), googletag.pubads().clearTagForChildDirectedTreatment(), googletag.pubads().setRequestNonPersonalizedAds(), and googletag.pubads().setTagForUnderAgeOfConsent(). Please use googletag.pubads().setPrivacySettings() instead. @ https://mcdn.mudah.my/static-assets/md-marketplace-web/28151590548/_next/static/chunks/pages/_app-bdb14ffc59b4c9b65d76.js:0
[    3440ms] [WARNING] [GPT] Slot.setTargeting is deprecated, use Slot.setConfig({targeting: ...}) instead.
https://goo.gle/gpt-message#171 @ https://mcdn.mudah.my/static-assets/md-marketplace-web/28151590548/_next/static/chunks/pages/_app-bdb14ffc59b4c9b65d76.js:0
[    3705ms] [ERROR] Failed to load resource: net::ERR_NAME_NOT_RESOLVED @ https://api.w.inmobi.com/openrtb/bidder/prebidjs:0
[    5221ms] [ERROR] Failed to load resource: net::ERR_NAME_NOT_RESOLVED @ https://dsp.360yield.com/dsp_match/275?ssp=45&r=https%3A%2F%2Frtb-csync.smartadserver.com%2Fredir%2F%3Fissi%3D1%26partnerid%3D85%26partneruserid%3D$%7BDSP_USER_ID%7D&gdpr=0&gdpr_consent=:0
[    5591ms] [ERROR] Failed to load resource: net::ERR_NAME_NOT_RESOLVED @ https://ad.360yield.com/match?publisher_dsp_id=40&external_user_id=8990119775095298141&dsp_callback=1:0
[    5603ms] [ERROR] Failed to load resource: net::ERR_NAME_NOT_RESOLVED @ https://i.liadm.com/s/31327?bidder_id=14481&bidder_uuid=aj6fyIsFVW8AMO3kAAhFbwAA%264791&gpdr=&gdpr_consent=&us_privacy=&gpp=&gpp_sid=:0
[    5640ms] [ERROR] Failed to load resource: net::ERR_NAME_NOT_RESOLVED @ https://i.liadm.com/s/31327?bidder_id=14481&bidder_uuid=aj6fyIsFVW8AMO3kAAhFbwAA%264791&gpdr=&gdpr_consent=&us_privacy=&gpp=&gpp_sid=:0
[    6554ms] [ERROR] Failed to load resource: net::ERR_NAME_NOT_RESOLVED @ https://px.owneriq.net/eucm/p/apndmp?oi=0&tid=$UID&redir=https%3A%2F%2Fib.adnxs.com%2Fsetuid%3Fentity%3D13%26code%3D(OIQ_UUID):0
[    6849ms] [ERROR] Attestation check for Shared Storage on https://www.googleadservices.com failed. @ https://www.googleadservices.com/pagead/managed/js/activeview/current/reach_worklet.html:0
[    5603ms] [ERROR] Failed to load resource: net::ERR_NAME_NOT_RESOLVED @ https://i.liadm.com/s/31327?bidder_id=14481&bidder_uuid=aj6fyIsFVW8AMO3kAAhFbwAA%264791&gpdr=&gdpr_consent=&us_privacy=&gpp=&gpp_sid=:0
[    5640ms] [ERROR] Failed to load resource: net::ERR_NAME_NOT_RESOLVED @ https://i.liadm.com/s/31327?bidder_id=14481&bidder_uuid=aj6fyIsFVW8AMO3kAAhFbwAA%264791&gpdr=&gdpr_consent=&us_privacy=&gpp=&gpp_sid=:0
[    7020ms] [TIMEEND] a: 0.0009765625 ms @ https://static.adsafeprotected.com/sca.17.6.4.js:31
[    7039ms] [ERROR] Failed to load resource: net::ERR_NAME_NOT_RESOLVED @ https://i.liadm.com/s/31327?bidder_id=14481&bidder_uuid=aj6fyIsFVW8AMO3kAAhFbwAA%264791&gpdr=&gdpr_consent=&us_privacy=&gpp=&gpp_sid=:0
[    7820ms] [ERROR] Failed to load resource: net::ERR_SOCKET_NOT_CONNECTED @ https://csync.loopme.me/?pubid=9724&gdpr=0&gdpr_consent=&redirect=https%3A%2F%2Fsync.inmobi.com%2Fsetuid%3FbidderID%3D109%26dspUserId%3D%7Bviewer_token%7D:0
[    7824ms] [WARNING] The resource https://fonts.googleapis.com/css2?family=Google+Sans:wght@400;500;700&display=swap was preloaded using link preload but not used within a few seconds from the window's load event. Please make sure it has an appropriate `as` value and it is preloaded intentionally. @ https://www.mudah.my/malaysia/for-rent?q=real+estate%2Ckulai:0
[    7824ms] [WARNING] The resource https://fonts.googleapis.com/css2?family=Open+Sans:wght@300;400;500;600;700&display=swap was preloaded using link preload but not used within a few seconds from the window's load event. Please make sure it has an appropriate `as` value and it is preloaded intentionally. @ https://www.mudah.my/malaysia/for-rent?q=real+estate%2Ckulai:0
[    7824ms] [WARNING] The resource https://fonts.googleapis.com/css2?family=Montserrat:wght@300;400;500;600;700&display=swap was preloaded using link preload but not used within a few seconds from the window's load event. Please make sure it has an appropriate `as` value and it is preloaded intentionally. @ https://www.mudah.my/malaysia/for-rent?q=real+estate%2Ckulai:0
[    7824ms] [WARNING] The resource https://fonts.googleapis.com/css2?family=Open+Sans:wght@300;400;600;700&display=swap was preloaded using link preload but not used within a few seconds from the window's load event. Please make sure it has an appropriate `as` value and it is preloaded intentionally. @ https://www.mudah.my/malaysia/for-rent?q=real+estate%2Ckulai:0
[    7824ms] [WARNING] The resource https://fonts.googleapis.com/css2?family=Roboto:wght@300;400;500;700&display=swap was preloaded using link preload but not used within a few seconds from the window's load event. Please make sure it has an appropriate `as` value and it is preloaded intentionally. @ https://www.mudah.my/malaysia/for-rent?q=real+estate%2Ckulai:0
[    6849ms] [ERROR] Attestation check for Shared Storage on https://www.googleadservices.com failed. @ https://www.googleadservices.com/pagead/managed/js/activeview/current/reach_worklet.html:0
[    8552ms] [ERROR] Attestation check for Shared Storage on https://www.googleadservices.com failed. @ https://www.googleadservices.com/pagead/managed/js/activeview/current/reach_worklet.html:0
[    5603ms] [ERROR] Failed to load resource: net::ERR_NAME_NOT_RESOLVED @ https://i.liadm.com/s/31327?bidder_id=14481&bidder_uuid=aj6fyIsFVW8AMO3kAAhFbwAA%264791&gpdr=&gdpr_consent=&us_privacy=&gpp=&gpp_sid=:0
[    5640ms] [ERROR] Failed to load resource: net::ERR_NAME_NOT_RESOLVED @ https://i.liadm.com/s/31327?bidder_id=14481&bidder_uuid=aj6fyIsFVW8AMO3kAAhFbwAA%264791&gpdr=&gdpr_consent=&us_privacy=&gpp=&gpp_sid=:0
[    7039ms] [ERROR] Failed to load resource: net::ERR_NAME_NOT_RESOLVED @ https://i.liadm.com/s/31327?bidder_id=14481&bidder_uuid=aj6fyIsFVW8AMO3kAAhFbwAA%264791&gpdr=&gdpr_consent=&us_privacy=&gpp=&gpp_sid=:0
[    8678ms] [ERROR] Failed to load resource: net::ERR_NAME_NOT_RESOLVED @ https://i.liadm.com/s/31327?bidder_id=14481&bidder_uuid=aj6fyIsFVW8AMO3kAAhFbwAA%264791&gpdr=&gdpr_consent=&us_privacy=&gpp=&gpp_sid=:0
[    8931ms] [ERROR] Failed to load resource: net::ERR_CONNECTION_RESET @ https://pxl.iqm.com/i/ck/equativ?cid=7962418632314304073&gdpr=0&gdpr_consent=:0
[   10846ms] [WARNING] Invalid property autoCSS set to true Missing plugin? gsap.registerPlugin() @ https://cdnjs.cloudflare.com/ajax/libs/gsap/3.7.1/gsap.min.js:9
[   11464ms] [ERROR] Failed to load resource: net::ERR_NAME_NOT_RESOLVED @ https://dsp.360yield.com/dsp_match/275?ssp=755&google_gid=CAESEHe9V2ZqJxokkYfCeJMSKOs&google_cver=1&google_push=AXcoOmRBIY7ykmN-NqRUgY11C7RFMesefjtQ1G0KnKeDj2BfPr4flc31H8BOamzuHxyviIqHWyGTptIsH2xNqJTmcNtAS-cyzXFJSKhYsc4Eyx3RARIjCH1DzukKbqcOS6_ruEPLqU3w7SGDG67GMMD5zXqm:0
