[     618ms] [WARNING] A preload for 'https://fonts.googleapis.com/css2?family=Roboto:wght@300;400;500;700&display=swap' is found, but is not used because the request credentials mode does not match. Consider taking a look at crossorigin attribute. @ https://www.mudah.my/:9
[     618ms] [WARNING] A preload for 'https://fonts.googleapis.com/css2?family=Open+Sans:wght@300;400;500;600;700&display=swap' is found, but is not used because the request credentials mode does not match. Consider taking a look at crossorigin attribute. @ https://www.mudah.my/:9
[     618ms] [WARNING] A preload for 'https://fonts.googleapis.com/css2?family=Montserrat:wght@300;400;500;600;700&display=swap' is found, but is not used because the request credentials mode does not match. Consider taking a look at crossorigin attribute. @ https://www.mudah.my/:9
[     618ms] [WARNING] A preload for 'https://fonts.googleapis.com/css2?family=Google+Sans:wght@400;500;700&display=swap' is found, but is not used because the request credentials mode does not match. Consider taking a look at crossorigin attribute. @ https://www.mudah.my/:9
[    2454ms] [WARNING] Error parsing persisted dots visibility: TypeError: C is not a function
    at https://mcdn.mudah.my/static-assets/md-marketplace-web/28151590548/_next/static/chunks/pages/index-39e234e3daa1e0bef5a1.js:1:100194
    at https://mcdn.mudah.my/static-assets/md-marketplace-web/28151590548/_next/static/chunks/pages/index-39e234e3daa1e0bef5a1.js:1:100540
    at Object.ea [as useState] (https://mcdn.mudah.my/static-assets/md-marketplace-web/28151590548/_next/static/chunks/framework.1ed0c63d3bae9b7c086e.js:1:60532)
    at BdB7.t.useState (https://mcdn.mudah.my/static-assets/md-marketplace-web/28151590548/_next/static/chunks/framework.1ed0c63d3bae9b7c086e.js:1:123435)
    at Mt (https://mcdn.mudah.my/static-assets/md-marketplace-web/28151590548/_next/static/chunks/pages/index-39e234e3daa1e0bef5a1.js:1:100521)
    at qi (https://mcdn.mudah.my/static-assets/md-marketplace-web/28151590548/_next/static/chunks/framework.1ed0c63d3bae9b7c086e.js:1:58335)
    at yo (https://mcdn.mudah.my/static-assets/md-marketplace-web/28151590548/_next/static/chunks/framework.1ed0c63d3bae9b7c086e.js:1:104741)
    at su (https://mcdn.mudah.my/static-assets/md-marketplace-web/28151590548/_next/static/chunks/framework.1ed0c63d3bae9b7c086e.js:1:97274)
    at uu (https://mcdn.mudah.my/static-assets/md-marketplace-web/28151590548/_next/static/chunks/framework.1ed0c63d3bae9b7c086e.js:1:97199)
    at eu (https://mcdn.mudah.my/static-assets/md-marketplace-web/28151590548/_next/static/chunks/framework.1ed0c63d3bae9b7c086e.js:1:94208)
    at Yo (https://mcdn.mudah.my/static-assets/md-marketplace-web/28151590548/_next/static/chunks/framework.1ed0c63d3bae9b7c086e.js:1:90969)
    at Lu (https://mcdn.mudah.my/static-assets/md-marketplace-web/28151590548/_next/static/chunks/framework.1ed0c63d3bae9b7c086e.js:1:112478)
    at https://mcdn.mudah.my/static-assets/md-marketplace-web/28151590548/_next/static/chunks/framework.1ed0c63d3bae9b7c086e.js:1:113723
    at nu (https://mcdn.mudah.my/static-assets/md-marketplace-web/28151590548/_next/static/chunks/framework.1ed0c63d3bae9b7c086e.js:1:94555)
    at Qu (https://mcdn.mudah.my/static-assets/md-marketplace-web/28151590548/_next/static/chunks/framework.1ed0c63d3bae9b7c086e.js:1:113708)
    at t.hydrate (https://mcdn.mudah.my/static-assets/md-marketplace-web/28151590548/_next/static/chunks/framework.1ed0c63d3bae9b7c086e.js:1:116621)
    at me (https://mcdn.mudah.my/static-assets/md-marketplace-web/28151590548/_next/static/chunks/main-69a40046c6a4c7c1eabe.js:1:22109)
    at https://mcdn.mudah.my/static-assets/md-marketplace-web/28151590548/_next/static/chunks/main-69a40046c6a4c7c1eabe.js:1:18435
    at Generator.<anonymous> (https://mcdn.mudah.my/static-assets/md-marketplace-web/28151590548/_next/static/chunks/main-69a40046c6a4c7c1eabe.js:1:13662)
    at Generator.next (https://mcdn.mudah.my/static-assets/md-marketplace-web/28151590548/_next/static/chunks/main-69a40046c6a4c7c1eabe.js:1:14500)
    at r (https://mcdn.mudah.my/static-assets/md-marketplace-web/28151590548/_next/static/chunks/commons.3ee584aed18c801941bd.js:1:63352)
    at s (https://mcdn.mudah.my/static-assets/md-marketplace-web/28151590548/_next/static/chunks/commons.3ee584aed18c801941bd.js:1:63563)
    at https://mcdn.mudah.my/static-assets/md-marketplace-web/28151590548/_next/static/chunks/commons.3ee584aed18c801941bd.js:1:63622
    at new Promise (<anonymous>)
    at https://mcdn.mudah.my/static-assets/md-marketplace-web/28151590548/_next/static/chunks/commons.3ee584aed18c801941bd.js:1:63503
    at ue (https://mcdn.mudah.my/static-assets/md-marketplace-web/28151590548/_next/static/chunks/main-69a40046c6a4c7c1eabe.js:1:18613)
    at ie (https://mcdn.mudah.my/static-assets/md-marketplace-web/28151590548/_next/static/chunks/main-69a40046c6a4c7c1eabe.js:1:18215)
    at https://mcdn.mudah.my/static-assets/md-marketplace-web/28151590548/_next/static/chunks/main-69a40046c6a4c7c1eabe.js:1:17973
    at Generator.<anonymous> (https://mcdn.mudah.my/static-assets/md-marketplace-web/28151590548/_next/static/chunks/main-69a40046c6a4c7c1eabe.js:1:13662)
    at Generator.next (https://mcdn.mudah.my/static-assets/md-marketplace-web/28151590548/_next/static/chunks/main-69a40046c6a4c7c1eabe.js:1:14500)
    at r (https://mcdn.mudah.my/static-assets/md-marketplace-web/28151590548/_next/static/chunks/commons.3ee584aed18c801941bd.js:1:63352)
    at s (https://mcdn.mudah.my/static-assets/md-marketplace-web/28151590548/_next/static/chunks/commons.3ee584aed18c801941bd.js:1:63563) @ https://mcdn.mudah.my/static-assets/md-marketplace-web/28151590548/_next/static/chunks/pages/_app-bdb14ffc59b4c9b65d76.js:0
[    2937ms] [ERROR] Not signed in with the identity provider. @ https://www.mudah.my/:0
[    3487ms] [WARNING] The following functions are deprecated: googletag.pubads().setTagForChildDirectedTreatment(), googletag.pubads().clearTagForChildDirectedTreatment(), googletag.pubads().setRequestNonPersonalizedAds(), and googletag.pubads().setTagForUnderAgeOfConsent(). Please use googletag.pubads().setPrivacySettings() instead. @ https://mcdn.mudah.my/static-assets/md-marketplace-web/28151590548/_next/static/chunks/pages/_app-bdb14ffc59b4c9b65d76.js:0
[    3489ms] [WARNING] [GPT] Slot.setTargeting is deprecated, use Slot.setConfig({targeting: ...}) instead.
https://goo.gle/gpt-message#171 @ https://mcdn.mudah.my/static-assets/md-marketplace-web/28151590548/_next/static/chunks/pages/_app-bdb14ffc59b4c9b65d76.js:0
[    3490ms] [WARNING] [GPT] PubAdsService.enableSingleRequest is deprecated, use googletag.setConfig({singleRequest: ...}) instead.
https://goo.gle/gpt-message#170 @ https://mcdn.mudah.my/static-assets/md-marketplace-web/28151590548/_next/static/chunks/pages/_app-bdb14ffc59b4c9b65d76.js:0
[    3941ms] [WARNING] [Meta Pixel] - Removed parameters from custom data due to potential violations. Go to Events Manager to learn more. @ https://mcdn.mudah.my/static-assets/md-marketplace-web/28151590548/_next/static/chunks/pages/_app-bdb14ffc59b4c9b65d76.js:0
[    3942ms] [WARNING] [Meta Pixel] - Invalid parameter format for currency. Please refer https://developers.facebook.com/docs/meta-pixel/reference/ for valid parameter specifications. @ https://mcdn.mudah.my/static-assets/md-marketplace-web/28151590548/_next/static/chunks/pages/_app-bdb14ffc59b4c9b65d76.js:0
[    3954ms] [WARNING] [Meta Pixel] - Duplicate Pixel ID: 632307416906311. @ https://mcdn.mudah.my/static-assets/md-marketplace-web/28151590548/_next/static/chunks/pages/_app-bdb14ffc59b4c9b65d76.js:0
[    4191ms] [ERROR] Access to fetch at 'https://id5-sync.com/api/config/prebid' from origin 'https://www.mudah.my' has been blocked by CORS policy: No 'Access-Control-Allow-Origin' header is present on the requested resource. @ https://www.mudah.my/:0
[    4192ms] [ERROR] Failed to load resource: net::ERR_FAILED @ https://id5-sync.com/api/config/prebid:0
[    4957ms] [ERROR] Access to fetch at 'https://id5-sync.com/bounce' from origin 'https://www.mudah.my' has been blocked by CORS policy: No 'Access-Control-Allow-Origin' header is present on the requested resource. @ about:blank:0
[    4957ms] [ERROR] Failed to load resource: net::ERR_FAILED @ https://id5-sync.com/bounce:0
[    5176ms] [ERROR] Failed to load resource: net::ERR_NAME_NOT_RESOLVED @ https://ad.360yield.com/match?publisher_dsp_id=38&external_user_id=k-NbqPHcsF1KJXs9BhRziG2o-A7hCDFOvQzHkvrg:0
[    5240ms] [ERROR] Failed to load resource: net::ERR_NAME_NOT_RESOLVED @ https://ad.360yield.com/match?publisher_dsp_id=38&external_user_id=k-NbqPHcsF1KJXs9BhRziG2o-A7hCDFOvQzHkvrg:0
[    5349ms] [WARNING] The resource https://fonts.googleapis.com/css2?family=Google+Sans:wght@400;500;700&display=swap was preloaded using link preload but not used within a few seconds from the window's load event. Please make sure it has an appropriate `as` value and it is preloaded intentionally. @ https://www.mudah.my/:0
[    5349ms] [WARNING] The resource https://fonts.googleapis.com/css2?family=Open+Sans:wght@300;400;500;600;700&display=swap was preloaded using link preload but not used within a few seconds from the window's load event. Please make sure it has an appropriate `as` value and it is preloaded intentionally. @ https://www.mudah.my/:0
[    5349ms] [WARNING] The resource https://fonts.googleapis.com/css2?family=Montserrat:wght@300;400;500;600;700&display=swap was preloaded using link preload but not used within a few seconds from the window's load event. Please make sure it has an appropriate `as` value and it is preloaded intentionally. @ https://www.mudah.my/:0
[    5349ms] [WARNING] The resource https://fonts.googleapis.com/css2?family=Roboto:wght@300;400;500;700&display=swap was preloaded using link preload but not used within a few seconds from the window's load event. Please make sure it has an appropriate `as` value and it is preloaded intentionally. @ https://www.mudah.my/:0
[    5359ms] [ERROR] Failed to load resource: net::ERR_NAME_NOT_RESOLVED @ https://ad.360yield.com/match?publisher_dsp_id=38&external_user_id=k-NbqPHcsF1KJXs9BhRziG2o-A7hCDFOvQzHkvrg:0
[    5424ms] [ERROR] Failed to load resource: net::ERR_NAME_NOT_RESOLVED @ https://ad.360yield.com/match?publisher_dsp_id=38&external_user_id=k-NbqPHcsF1KJXs9BhRziG2o-A7hCDFOvQzHkvrg:0
[    5620ms] [ERROR] Access to fetch at 'https://lb.eu-1-id5-sync.com/lb/v1' from origin 'https://www.mudah.my' has been blocked by CORS policy: No 'Access-Control-Allow-Origin' header is present on the requested resource. @ about:blank:0
[    5621ms] [ERROR] Failed to load resource: net::ERR_FAILED @ https://lb.eu-1-id5-sync.com/lb/v1:0
[    5875ms] [ERROR] Access to XMLHttpRequest at 'https://id5-sync.com/gm/v3' from origin 'https://www.mudah.my' has been blocked by CORS policy: No 'Access-Control-Allow-Origin' header is present on the requested resource. @ about:blank:0
[    5876ms] [ERROR] Failed to load resource: net::ERR_FAILED @ https://id5-sync.com/gm/v3:0
[    5906ms] [ERROR] [GSI_LOGGER]: FedCM get() rejects with NetworkError: Error retrieving a token. @ https://mcdn.mudah.my/static-assets/md-marketplace-web/28151590548/_next/static/chunks/pages/_app-bdb14ffc59b4c9b65d76.js:0
[    7792ms] [WARNING] The following functions are deprecated: googletag.pubads().setTagForChildDirectedTreatment(), googletag.pubads().clearTagForChildDirectedTreatment(), googletag.pubads().setRequestNonPersonalizedAds(), and googletag.pubads().setTagForUnderAgeOfConsent(). Please use googletag.pubads().setPrivacySettings() instead. @ https://mcdn.mudah.my/static-assets/md-property-web/28070523878/_next/static/chunks/pages/_app-74535a9ad4a0f10f.js:11
[    7792ms] [WARNING] googletag.pubads().setCookieOptions() has been removed, and no longer has any effect. Consider migrating to Limited Ads. @ https://mcdn.mudah.my/static-assets/md-property-web/28070523878/_next/static/chunks/pages/_app-74535a9ad4a0f10f.js:11
[    7793ms] [WARNING] [GPT] PubAdsService.enableSingleRequest is deprecated, use googletag.setConfig({singleRequest: ...}) instead.
https://goo.gle/gpt-message#170 @ https://mcdn.mudah.my/static-assets/md-property-web/28070523878/_next/static/chunks/pages/_app-74535a9ad4a0f10f.js:11
[    7800ms] [WARNING] [GPT] Slot.setTargeting is deprecated, use Slot.setConfig({targeting: ...}) instead.
https://goo.gle/gpt-message#171 @ https://mcdn.mudah.my/static-assets/md-property-web/28070523878/_next/static/chunks/pages/_app-74535a9ad4a0f10f.js:11
[    7885ms] [WARNING] [Meta Pixel] - Removed parameters from custom data due to potential violations. Go to Events Manager to learn more. @ https://mcdn.mudah.my/static-assets/md-property-web/28070523878/_next/static/chunks/pages/_app-74535a9ad4a0f10f.js:11
[    7966ms] [ERROR] Sending form data to 'https://www.facebook.com/tr/' violates the following Content Security Policy directive: "form-action 'self'". The request has been blocked.
 @ https://www.mudah.my/io9a/:828
[    8129ms] [ERROR] Failed to load resource: net::ERR_NAME_NOT_RESOLVED @ https://ad.360yield.com/match?publisher_dsp_id=38&external_user_id=k-NbqPHcsF1KJXs9BhRziG2o-A7hCDFOvQzHkvrg:0
[    8231ms] [ERROR] Access to fetch at 'https://id5-sync.com/api/config/prebid' from origin 'https://www.mudah.my' has been blocked by CORS policy: No 'Access-Control-Allow-Origin' header is present on the requested resource. @ https://www.mudah.my/malaysia/properties-for-rent#lm=1:0
[    8231ms] [ERROR] Failed to load resource: net::ERR_FAILED @ https://id5-sync.com/api/config/prebid:0
[    8696ms] [ERROR] Access to XMLHttpRequest at 'https://id5-sync.com/gm/v3' from origin 'https://www.mudah.my' has been blocked by CORS policy: No 'Access-Control-Allow-Origin' header is present on the requested resource. @ about:blank:0
[    8696ms] [ERROR] Failed to load resource: net::ERR_FAILED @ https://id5-sync.com/gm/v3:0
[    9972ms] [ERROR] Attestation check for Shared Storage on https://www.googleadservices.com failed. @ https://www.googleadservices.com/pagead/managed/js/activeview/current/reach_worklet.html:0
[    9975ms] [ERROR] Attestation check for Shared Storage on https://www.googleadservices.com failed. @ https://www.googleadservices.com/pagead/managed/js/activeview/current/reach_worklet.html:0
[   11032ms] [WARNING] [Meta Pixel] - Duplicate Pixel ID: 632307416906311. @ https://mcdn.mudah.my/static-assets/md-property-web/28070523878/_next/static/chunks/pages/_app-74535a9ad4a0f10f.js:11
[   11033ms] [WARNING] [Meta Pixel] - You are sending a non-standard event 'ViewCategory'. The preferred way to send these events is using trackCustom. See 'https://developers.facebook.com/docs/ads-for-websites/pixel-events/#events' for more information. @ https://mcdn.mudah.my/static-assets/md-property-web/28070523878/_next/static/chunks/pages/_app-74535a9ad4a0f10f.js:11
[   11070ms] [ERROR] Sending form data to 'https://www.facebook.com/tr/' violates the following Content Security Policy directive: "form-action 'self'". The request has been blocked.
 @ https://www.mudah.my/io9a/:828
[   11339ms] [ERROR] Failed to load resource: net::ERR_NAME_NOT_RESOLVED @ https://ad.360yield.com/match?publisher_dsp_id=38&external_user_id=k-NbqPHcsF1KJXs9BhRziG2o-A7hCDFOvQzHkvrg:0
[   11436ms] [WARNING] [TikTok Pixel] - Duplicate Pixel ID
Issue: The pixel ID is duplicate. This could impact the pixel data accuracy.
Suggestion: Please double check and delete any unnecessary pixel code. @ https://mcdn.mudah.my/static-assets/md-property-web/28070523878/_next/static/chunks/pages/_app-74535a9ad4a0f10f.js:11
[   11436ms] [ERROR] Failed to load resource: net::ERR_NAME_NOT_RESOLVED @ https://ad.360yield.com/match?publisher_dsp_id=38&external_user_id=k-NbqPHcsF1KJXs9BhRziG2o-A7hCDFOvQzHkvrg:0
[   11475ms] [ERROR] Failed to load resource: net::ERR_NAME_NOT_RESOLVED @ https://ad.360yield.com/match?publisher_dsp_id=38&external_user_id=k-NbqPHcsF1KJXs9BhRziG2o-A7hCDFOvQzHkvrg:0
[   11524ms] [ERROR] Failed to load resource: net::ERR_NAME_NOT_RESOLVED @ https://ad.360yield.com/match?publisher_dsp_id=38&external_user_id=k-NbqPHcsF1KJXs9BhRziG2o-A7hCDFOvQzHkvrg:0
[   21642ms] [ERROR] Error: Failed to lookup route: /johor/properties-for-rent
    at https://mcdn.mudah.my/static-assets/md-property-web/28070523878/_next/static/chunks/main-e939e4d5e5eecd81.js:1:27361 @ https://mcdn.mudah.my/static-assets/md-property-web/28070523878/_next/static/chunks/pages/_app-74535a9ad4a0f10f.js:11
[   22956ms] [WARNING] The following functions are deprecated: googletag.pubads().setTagForChildDirectedTreatment(), googletag.pubads().clearTagForChildDirectedTreatment(), googletag.pubads().setRequestNonPersonalizedAds(), and googletag.pubads().setTagForUnderAgeOfConsent(). Please use googletag.pubads().setPrivacySettings() instead. @ https://mcdn.mudah.my/static-assets/md-property-web/28070523878/_next/static/chunks/pages/_app-74535a9ad4a0f10f.js:11
[   22956ms] [WARNING] googletag.pubads().setCookieOptions() has been removed, and no longer has any effect. Consider migrating to Limited Ads. @ https://mcdn.mudah.my/static-assets/md-property-web/28070523878/_next/static/chunks/pages/_app-74535a9ad4a0f10f.js:11
[   22956ms] [WARNING] [GPT] PubAdsService.enableSingleRequest is deprecated, use googletag.setConfig({singleRequest: ...}) instead.
https://goo.gle/gpt-message#170 @ https://mcdn.mudah.my/static-assets/md-property-web/28070523878/_next/static/chunks/pages/_app-74535a9ad4a0f10f.js:11
[   22962ms] [WARNING] [GPT] Slot.setTargeting is deprecated, use Slot.setConfig({targeting: ...}) instead.
https://goo.gle/gpt-message#171 @ https://mcdn.mudah.my/static-assets/md-property-web/28070523878/_next/static/chunks/pages/_app-74535a9ad4a0f10f.js:11
[   23043ms] [WARNING] [Meta Pixel] - Removed parameters from custom data due to potential violations. Go to Events Manager to learn more. @ https://mcdn.mudah.my/static-assets/md-property-web/28070523878/_next/static/chunks/pages/_app-74535a9ad4a0f10f.js:11
[   23096ms] [ERROR] Sending form data to 'https://www.facebook.com/tr/' violates the following Content Security Policy directive: "form-action 'self'". The request has been blocked.
 @ https://www.mudah.my/io9a/:828
[   23546ms] [ERROR] Failed to load resource: net::ERR_NAME_NOT_RESOLVED @ https://ad.360yield.com/match?publisher_dsp_id=38&external_user_id=k-NbqPHcsF1KJXs9BhRziG2o-A7hCDFOvQzHkvrg:0
[   23793ms] [ERROR] Access to fetch at 'https://id5-sync.com/api/config/prebid' from origin 'https://www.mudah.my' has been blocked by CORS policy: No 'Access-Control-Allow-Origin' header is present on the requested resource. @ https://www.mudah.my/johor/properties-for-rent:0
[   23794ms] [ERROR] Failed to load resource: net::ERR_FAILED @ https://id5-sync.com/api/config/prebid:0
[   23838ms] [ERROR] Access to XMLHttpRequest at 'https://id5-sync.com/gm/v3' from origin 'https://www.mudah.my' has been blocked by CORS policy: No 'Access-Control-Allow-Origin' header is present on the requested resource. @ about:blank:0
[   23838ms] [ERROR] Failed to load resource: net::ERR_FAILED @ https://id5-sync.com/gm/v3:0
[   24037ms] [ERROR] Attestation check for Shared Storage on https://www.googleadservices.com failed. @ https://www.googleadservices.com/pagead/managed/js/activeview/current/reach_worklet.html:0
[   25968ms] [WARNING] [Meta Pixel] - Duplicate Pixel ID: 632307416906311. @ https://mcdn.mudah.my/static-assets/md-property-web/28070523878/_next/static/chunks/pages/_app-74535a9ad4a0f10f.js:11
[   25970ms] [WARNING] [Meta Pixel] - You are sending a non-standard event 'ViewCategory'. The preferred way to send these events is using trackCustom. See 'https://developers.facebook.com/docs/ads-for-websites/pixel-events/#events' for more information. @ https://mcdn.mudah.my/static-assets/md-property-web/28070523878/_next/static/chunks/pages/_app-74535a9ad4a0f10f.js:11
[   26012ms] [ERROR] Sending form data to 'https://www.facebook.com/tr/' violates the following Content Security Policy directive: "form-action 'self'". The request has been blocked.
 @ https://www.mudah.my/io9a/:828
[   26251ms] [ERROR] Failed to load resource: net::ERR_NAME_NOT_RESOLVED @ https://ad.360yield.com/match?publisher_dsp_id=38&external_user_id=k-NbqPHcsF1KJXs9BhRziG2o-A7hCDFOvQzHkvrg:0
[   26303ms] [ERROR] Failed to load resource: net::ERR_NAME_NOT_RESOLVED @ https://ad.360yield.com/match?publisher_dsp_id=38&external_user_id=k-NbqPHcsF1KJXs9BhRziG2o-A7hCDFOvQzHkvrg:0
[   26422ms] [ERROR] Failed to load resource: net::ERR_NAME_NOT_RESOLVED @ https://ad.360yield.com/match?publisher_dsp_id=38&external_user_id=k-NbqPHcsF1KJXs9BhRziG2o-A7hCDFOvQzHkvrg:0
[   26499ms] [WARNING] [TikTok Pixel] - Duplicate Pixel ID
Issue: The pixel ID is duplicate. This could impact the pixel data accuracy.
Suggestion: Please double check and delete any unnecessary pixel code. @ https://mcdn.mudah.my/static-assets/md-property-web/28070523878/_next/static/chunks/pages/_app-74535a9ad4a0f10f.js:11
[   26506ms] [ERROR] Failed to load resource: net::ERR_NAME_NOT_RESOLVED @ https://ad.360yield.com/match?publisher_dsp_id=38&external_user_id=k-NbqPHcsF1KJXs9BhRziG2o-A7hCDFOvQzHkvrg:0
[   31350ms] [ERROR] Failed to load resource: net::ERR_NAME_NOT_RESOLVED @ https://dsp.360yield.com/dsp_match/275?ssp=755&google_gid=CAESEHe9V2ZqJxokkYfCeJMSKOs&google_cver=1&google_push=AXcoOmRjPjoRZQvhAzKSsm-QCwehlc_Ih_4jPhSHgjuZe5rCkSoprFdfAa3imXc8KM_PmrEIZ12GhD7XZq-LVvypVbePev0kMJHiteHjI2bzVfig_fua9Di8D7WEt4dcfsoT_6DM7hroHs-URGmRcSL0jWs2:0
